Log file open, 04/23/22 17:37:26
LogInit: Display: Running engine for game: ShooterAdventure
LogPlatformFile: Not using cached read wrapper
LogTaskGraph: Started task graph with 5 named threads and 23 total threads with 3 sets of task threads.
LogStats: Stats thread started at 0.357588
LogD3D11RHI: Loaded GFSDK_Aftermath_Lib.x64.dll
LogICUInternationalization: ICU TimeZone Detection - Raw Offset: +2:00, Platform Override: ''
LogPluginManager: Mounting plugin Paper2D
LogPluginManager: Mounting plugin AISupport
LogPluginManager: Mounting plugin LightPropagationVolume
LogPluginManager: Mounting plugin CameraShakePreviewer
LogPluginManager: Mounting plugin ActorLayerUtilities
LogPluginManager: Mounting plugin AnimationSharing
LogPluginManager: Mounting plugin CLionSourceCodeAccess
LogPluginManager: Mounting plugin CodeLiteSourceCodeAccess
LogPluginManager: Mounting plugin GitSourceControl
LogPluginManager: Mounting plugin KDevelopSourceCodeAccess
LogPluginManager: Mounting plugin NullSourceCodeAccess
LogPluginManager: Mounting plugin PerforceSourceControl
LogPluginManager: Mounting plugin PlasticSourceControl
LogPluginManager: Mounting plugin RiderSourceCodeAccess
LogPluginManager: Mounting plugin SubversionSourceControl
LogPluginManager: Mounting plugin UObjectPlugin
LogPluginManager: Mounting plugin VisualStudioCodeSourceCodeAccess
LogPluginManager: Mounting plugin VisualStudioSourceCodeAccess
LogPluginManager: Mounting plugin XCodeSourceCodeAccess
LogPluginManager: Mounting plugin AssetManagerEditor
LogPluginManager: Mounting plugin CryptoKeys
LogPluginManager: Mounting plugin CurveEditorTools
LogPluginManager: Mounting plugin DataValidation
LogPluginManager: Mounting plugin EditorScriptingUtilities
LogPluginManager: Mounting plugin FacialAnimation
LogPluginManager: Mounting plugin GameplayTagsEditor
LogPluginManager: Mounting plugin GeometryMode
LogPluginManager: Mounting plugin MacGraphicsSwitching
LogPluginManager: Mounting plugin MaterialAnalyzer
LogPluginManager: Mounting plugin MobileLauncherProfileWizard
LogPluginManager: Mounting plugin PluginBrowser
LogPluginManager: Mounting plugin SpeedTreeImporter
LogPluginManager: Mounting plugin DatasmithContent
LogPluginManager: Mounting plugin VariantManagerContent
LogPluginManager: Mounting plugin AlembicImporter
LogPluginManager: Mounting plugin AutomationUtils
LogPluginManager: Mounting plugin BackChannel
LogPluginManager: Mounting plugin ChaosCloth
LogPluginManager: Mounting plugin ChaosClothEditor
LogPluginManager: Mounting plugin ChaosEditor
LogPluginManager: Mounting plugin ChaosNiagara
LogPluginManager: Mounting plugin ChaosSolverPlugin
LogPluginManager: Mounting plugin CharacterAI
LogPluginManager: Mounting plugin GeometryCache
LogPluginManager: Mounting plugin GeometryCollectionPlugin
LogPluginManager: Mounting plugin GeometryProcessing
LogPluginManager: Mounting plugin PlanarCut
LogPluginManager: Mounting plugin PlatformCrypto
LogPluginManager: Mounting plugin ProxyLODPlugin
LogPluginManager: Mounting plugin PythonScriptPlugin
LogPluginManager: Mounting plugin SkeletalReduction
LogPluginManager: Mounting plugin Niagara
LogPluginManager: Mounting plugin MagicLeap
LogPluginManager: Mounting plugin MagicLeapLightEstimation
LogPluginManager: Mounting plugin MagicLeapMedia
LogPluginManager: Mounting plugin MagicLeapPassableWorld
LogPluginManager: Mounting plugin MLSDK
LogPluginManager: Mounting plugin AndroidMedia
LogPluginManager: Mounting plugin AvfMedia
LogPluginManager: Mounting plugin ImgMedia
LogPluginManager: Mounting plugin MediaCompositing
LogPluginManager: Mounting plugin MediaPlayerEditor
LogPluginManager: Mounting plugin WebMMedia
LogPluginManager: Mounting plugin WmfMedia
LogPluginManager: Mounting plugin MegascansPlugin
LogPluginManager: Mounting plugin MeshPainting
LogPluginManager: Mounting plugin TcpMessaging
LogPluginManager: Mounting plugin UdpMessaging
LogPluginManager: Mounting plugin ActorSequence
LogPluginManager: Mounting plugin LevelSequenceEditor
LogPluginManager: Mounting plugin MatineeToLevelSequence
LogPluginManager: Mounting plugin MovieRenderPipeline
LogPluginManager: Mounting plugin TemplateSequence
LogPluginManager: Mounting plugin NetcodeUnitTest
LogPluginManager: Mounting plugin NUTUnrealEngine4
LogPluginManager: Mounting plugin OnlineSubsystemGooglePlay
LogPluginManager: Mounting plugin OnlineSubsystemIOS
LogPluginManager: Mounting plugin OnlineSubsystem
LogPluginManager: Mounting plugin OnlineSubsystemNull
LogPluginManager: Mounting plugin OnlineSubsystemUtils
LogPluginManager: Mounting plugin LauncherChunkInstaller
LogPluginManager: Mounting plugin AndroidDeviceProfileSelector
LogPluginManager: Mounting plugin AndroidMoviePlayer
LogPluginManager: Mounting plugin AndroidPermission
LogPluginManager: Mounting plugin AppleImageUtils
LogPluginManager: Mounting plugin AppleMoviePlayer
LogPluginManager: Mounting plugin ArchVisCharacter
LogPluginManager: Mounting plugin AssetTags
LogPluginManager: Mounting plugin AudioCapture
LogPluginManager: Mounting plugin CableComponent
LogPluginManager: Mounting plugin CustomMeshComponent
LogPluginManager: Mounting plugin DatabaseSupport
LogPluginManager: Mounting plugin SQLiteCore
LogPluginManager: Mounting plugin SQLiteSupport
LogPluginManager: Mounting plugin EditableMesh
LogPluginManager: Mounting plugin ExampleDeviceProfileSelector
LogPluginManager: Mounting plugin GoogleCloudMessaging
LogPluginManager: Mounting plugin GooglePAD
LogPluginManager: Mounting plugin IOSDeviceProfileSelector
LogPluginManager: Mounting plugin LinuxDeviceProfileSelector
LogPluginManager: Mounting plugin LocationServicesBPLibrary
LogPluginManager: Mounting plugin MobilePatchingUtils
LogPluginManager: Mounting plugin OculusVR
LogPluginManager: Mounting plugin PhysXVehicles
LogPluginManager: Mounting plugin PostSplashScreen
LogPluginManager: Mounting plugin ProceduralMeshComponent
LogPluginManager: Mounting plugin RuntimePhysXCooking
LogPluginManager: Mounting plugin SignificanceManager
LogPluginManager: Mounting plugin SoundFields
LogPluginManager: Mounting plugin SteamVR
LogPluginManager: Mounting plugin Synthesis
LogPluginManager: Mounting plugin WebMMoviePlayer
LogPluginManager: Mounting plugin WindowsMoviePlayer
LogPluginManager: Mounting plugin ScreenshotTools
LogInit: Using libcurl 7.55.1-DEV
LogInit:  - built for x86_64-pc-win32
LogInit:  - supports SSL with OpenSSL/1.1.1
LogInit:  - supports HTTP deflate (compression) using libz 1.2.8
LogInit:  - other features:
LogInit:      CURL_VERSION_SSL
LogInit:      CURL_VERSION_LIBZ
LogInit:      CURL_VERSION_IPV6
LogInit:      CURL_VERSION_ASYNCHDNS
LogInit:      CURL_VERSION_LARGEFILE
LogInit:      CURL_VERSION_IDN
LogInit:  CurlRequestOptions (configurable via config and command line):
LogInit:  - bVerifyPeer = true  - Libcurl will verify peer certificate
LogInit:  - bUseHttpProxy = false  - Libcurl will NOT use HTTP proxy
LogInit:  - bDontReuseConnections = false  - Libcurl will reuse connections
LogInit:  - MaxHostConnections = 16  - Libcurl will limit the number of connections to a host
LogInit:  - LocalHostAddr = Default
LogInit:  - BufferSize = 65536
LogOnline: OSS: Creating online subsystem instance for: NULL
LogInit: WinSock: version 1.1 (2.2), MaxSocks=32767, MaxUdp=65467
LogOnline: OSS: TryLoadSubsystemAndSetDefault: Loaded subsystem for module [NULL]
LogInit: Build: ++UE4+Release-4.25-CL-14469661
LogInit: Engine Version: 4.25.4-14469661+++UE4+Release-4.25
LogInit: Compatible Engine Version: 4.25.0-13144385+++UE4+Release-4.25
LogInit: Net CL: 13144385
LogInit: OS: Windows 10 (Release 2009) (), CPU: AMD Ryzen 5 3550H with Radeon Vega Mobile Gfx  , GPU: AMD Radeon(TM) Vega 8 Graphics
LogInit: Compiled (64-bit): Oct 11 2020 08:10:49
LogInit: Compiled with Visual C++: 19.24.28315.00
LogInit: Build Configuration: Development
LogInit: Branch Name: ++UE4+Release-4.25
LogInit: Command Line:  -EpicPortal -epicusername=Raeinu -epicuserid=e5a379f7d9974b5c8745c27535fc10e8 -epiclocale=en -epicsandboxid=ue
LogInit: Base Directory: E:/EpicGames/UnrealEngine/UE_4.25/Engine/Binaries/Win64/
LogInit: Allocator: TBB
LogInit: Installed Engine Build: 1
LogDevObjectVersion: Number of dev versions registered: 26
LogDevObjectVersion:   Dev-Blueprints (B0D832E4-1F89-4F0D-ACCF-7EB736FD4AA2): 10
LogDevObjectVersion:   Dev-Build (E1C64328-A22C-4D53-A36C-8E866417BD8C): 0
LogDevObjectVersion:   Dev-Core (375EC13C-06E4-48FB-B500-84F0262A717E): 4
LogDevObjectVersion:   Dev-Editor (E4B068ED-F494-42E9-A231-DA0B2E46BB41): 38
LogDevObjectVersion:   Dev-Framework (CFFC743F-43B0-4480-9391-14DF171D2073): 37
LogDevObjectVersion:   Dev-Mobile (B02B49B5-BB20-44E9-A304-32B752E40360): 2
LogDevObjectVersion:   Dev-Networking (A4E4105C-59A1-49B5-A7C5-40C4547EDFEE): 0
LogDevObjectVersion:   Dev-Online (39C831C9-5AE6-47DC-9A44-9C173E1C8E7C): 0
LogDevObjectVersion:   Dev-Physics (78F01B33-EBEA-4F98-B9B4-84EACCB95AA2): 4
LogDevObjectVersion:   Dev-Platform (6631380F-2D4D-43E0-8009-CF276956A95A): 0
LogDevObjectVersion:   Dev-Rendering (12F88B9F-8875-4AFC-A67C-D90C383ABD29): 43
LogDevObjectVersion:   Dev-Sequencer (7B5AE74C-D270-4C10-A958-57980B212A5A): 12
LogDevObjectVersion:   Dev-VR (D7296918-1DD6-4BDD-9DE2-64A83CC13884): 3
LogDevObjectVersion:   Dev-LoadTimes (C2A15278-BFE7-4AFE-6C17-90FF531DF755): 1
LogDevObjectVersion:   Private-Geometry (6EACA3D4-40EC-4CC1-B786-8BED09428FC5): 3
LogDevObjectVersion:   Dev-AnimPhys (29E575DD-E0A3-4627-9D10-D276232CDCEA): 17
LogDevObjectVersion:   Dev-Anim (AF43A65D-7FD3-4947-9873-3E8ED9C1BB05): 7
LogDevObjectVersion:   Dev-ReflectionCapture (6B266CEC-1EC7-4B8F-A30B-E4D90942FC07): 1
LogDevObjectVersion:   Dev-Automation (0DF73D61-A23F-47EA-B727-89E90C41499A): 1
LogDevObjectVersion:   FortniteMain (601D1886-AC64-4F84-AA16-D3DE0DEAC7D6): 31
LogDevObjectVersion:   Dev-Enterprise (9DFFBCD6-494F-0158-E221-12823C92A888): 10
LogDevObjectVersion:   Dev-Niagara (F2AED0AC-9AFE-416F-8664-AA7FFA26D6FC): 1
LogDevObjectVersion:   Dev-Destruction (174F1F0B-B4C6-45A5-B13F-2EE8D0FB917D): 10
LogDevObjectVersion:   Dev-Physics-Ext (35F94A83-E258-406C-A318-09F59610247C): 37
LogDevObjectVersion:   Dev-PhysicsMaterial-Chaos (B68FC16E-8B1B-42E2-B453-215C058844FE): 1
LogDevObjectVersion:   Dev-CineCamera (B2E18506-4273-CFC2-A54E-F4BB758BBA07): 1
LogInit: Presizing for max 25165824 objects, including 0 objects not considered by GC, pre-allocating 0 bytes for permanent pool.
LogConfig: Applying CVar settings from Section [/Script/Engine.StreamingSettings] File [E:/Repos/shooter-adventure/ShooterAdventure/Saved/Config/Windows/Engine.ini]
LogConfig: Setting CVar [[s.MinBulkDataSizeForAsyncLoading:131072]]
LogConfig: Setting CVar [[s.AsyncLoadingThreadEnabled:0]]
LogConfig: Setting CVar [[s.EventDrivenLoaderEnabled:1]]
LogConfig: Setting CVar [[s.WarnIfTimeLimitExceeded:0]]
LogConfig: Setting CVar [[s.TimeLimitExceededMultiplier:1.5]]
LogConfig: Setting CVar [[s.TimeLimitExceededMinTime:0.005]]
LogConfig: Setting CVar [[s.UseBackgroundLevelStreaming:1]]
LogConfig: Setting CVar [[s.PriorityAsyncLoadingExtraTime:15.0]]
LogConfig: Setting CVar [[s.LevelStreamingActorsUpdateTimeLimit:5.0]]
LogConfig: Setting CVar [[s.PriorityLevelStreamingActorsUpdateExtraTime:5.0]]
LogConfig: Setting CVar [[s.LevelStreamingComponentsRegistrationGranularity:10]]
LogConfig: Setting CVar [[s.UnregisterComponentsTimeLimit:1.0]]
LogConfig: Setting CVar [[s.LevelStreamingComponentsUnregistrationGranularity:5]]
LogConfig: Setting CVar [[s.FlushStreamingOnExit:1]]
LogInit: Object subsystem initialized
LogConfig: Setting CVar [[con.DebugEarlyDefault:1]]
LogConfig: Setting CVar [[r.setres:1280x720]]
[2022.04.23-14.37.26:583][  0]LogConfig: Setting CVar [[r.VSync:0]]
[2022.04.23-14.37.26:583][  0]LogConfig: Setting CVar [[r.RHICmdBypass:0]]
[2022.04.23-14.37.26:583][  0]LogConfig: Applying CVar settings from Section [/Script/Engine.RendererSettings] File [E:/Repos/shooter-adventure/ShooterAdventure/Saved/Config/Windows/Engine.ini]
[2022.04.23-14.37.26:583][  0]LogConfig: Setting CVar [[r.GPUCrashDebugging:0]]
[2022.04.23-14.37.26:583][  0]LogConfig: Applying CVar settings from Section [/Script/Engine.RendererOverrideSettings] File [E:/Repos/shooter-adventure/ShooterAdventure/Saved/Config/Windows/Engine.ini]
[2022.04.23-14.37.26:583][  0]LogConfig: Applying CVar settings from Section [/Script/Engine.StreamingSettings] File [E:/Repos/shooter-adventure/ShooterAdventure/Saved/Config/Windows/Engine.ini]
[2022.04.23-14.37.26:583][  0]LogConfig: Setting CVar [[s.MinBulkDataSizeForAsyncLoading:131072]]
[2022.04.23-14.37.26:583][  0]LogConfig: Setting CVar [[s.AsyncLoadingThreadEnabled:0]]
[2022.04.23-14.37.26:583][  0]LogConfig: Setting CVar [[s.EventDrivenLoaderEnabled:1]]
[2022.04.23-14.37.26:583][  0]LogConfig: Setting CVar [[s.WarnIfTimeLimitExceeded:0]]
[2022.04.23-14.37.26:583][  0]LogConfig: Setting CVar [[s.TimeLimitExceededMultiplier:1.5]]
[2022.04.23-14.37.26:583][  0]LogConfig: Setting CVar [[s.TimeLimitExceededMinTime:0.005]]
[2022.04.23-14.37.26:584][  0]LogConfig: Setting CVar [[s.UseBackgroundLevelStreaming:1]]
[2022.04.23-14.37.26:584][  0]LogConfig: Setting CVar [[s.PriorityAsyncLoadingExtraTime:15.0]]
[2022.04.23-14.37.26:584][  0]LogConfig: Setting CVar [[s.LevelStreamingActorsUpdateTimeLimit:5.0]]
[2022.04.23-14.37.26:584][  0]LogConfig: Setting CVar [[s.PriorityLevelStreamingActorsUpdateExtraTime:5.0]]
[2022.04.23-14.37.26:584][  0]LogConfig: Setting CVar [[s.LevelStreamingComponentsRegistrationGranularity:10]]
[2022.04.23-14.37.26:584][  0]LogConfig: Setting CVar [[s.UnregisterComponentsTimeLimit:1.0]]
[2022.04.23-14.37.26:584][  0]LogConfig: Setting CVar [[s.LevelStreamingComponentsUnregistrationGranularity:5]]
[2022.04.23-14.37.26:584][  0]LogConfig: Setting CVar [[s.FlushStreamingOnExit:1]]
[2022.04.23-14.37.26:585][  0]LogConfig: Applying CVar settings from Section [/Script/Engine.GarbageCollectionSettings] File [E:/Repos/shooter-adventure/ShooterAdventure/Saved/Config/Windows/Engine.ini]
[2022.04.23-14.37.26:585][  0]LogConfig: Setting CVar [[gc.MaxObjectsNotConsideredByGC:1]]
[2022.04.23-14.37.26:585][  0]LogConfig: Setting CVar [[gc.SizeOfPermanentObjectPool:0]]
[2022.04.23-14.37.26:585][  0]LogConfig: Setting CVar [[gc.FlushStreamingOnGC:0]]
[2022.04.23-14.37.26:585][  0]LogConfig: Setting CVar [[gc.NumRetriesBeforeForcingGC:10]]
[2022.04.23-14.37.26:585][  0]LogConfig: Setting CVar [[gc.AllowParallelGC:1]]
[2022.04.23-14.37.26:585][  0]LogConfig: Setting CVar [[gc.TimeBetweenPurgingPendingKillObjects:61.1]]
[2022.04.23-14.37.26:585][  0]LogConfig: Setting CVar [[gc.MaxObjectsInEditor:25165824]]
[2022.04.23-14.37.26:585][  0]LogConfig: Setting CVar [[gc.IncrementalBeginDestroyEnabled:1]]
[2022.04.23-14.37.26:585][  0]LogConfig: Setting CVar [[gc.CreateGCClusters:1]]
[2022.04.23-14.37.26:585][  0]LogConfig: Setting CVar [[gc.MinGCClusterSize:5]]
[2022.04.23-14.37.26:585][  0]LogConfig: Setting CVar [[gc.ActorClusteringEnabled:0]]
[2022.04.23-14.37.26:585][  0]LogConfig: Setting CVar [[gc.BlueprintClusteringEnabled:0]]
[2022.04.23-14.37.26:585][  0]LogConfig: Setting CVar [[gc.UseDisregardForGCOnDedicatedServers:0]]
[2022.04.23-14.37.26:585][  0]LogConfig: Applying CVar settings from Section [/Script/Engine.NetworkSettings] File [E:/Repos/shooter-adventure/ShooterAdventure/Saved/Config/Windows/Engine.ini]
[2022.04.23-14.37.26:585][  0]LogConfig: Applying CVar settings from Section [/Script/UnrealEd.CookerSettings] File [E:/Repos/shooter-adventure/ShooterAdventure/Saved/Config/Windows/Engine.ini]
[2022.04.23-14.37.26:588][  0]LogConfig: Applying CVar settings from Section [ViewDistanceQuality@3] File [E:/Repos/shooter-adventure/ShooterAdventure/Saved/Config/Windows/Scalability.ini]
[2022.04.23-14.37.26:588][  0]LogConfig: Setting CVar [[r.SkeletalMeshLODBias:0]]
[2022.04.23-14.37.26:588][  0]LogConfig: Setting CVar [[r.ViewDistanceScale:1.0]]
[2022.04.23-14.37.26:588][  0]LogConfig: Applying CVar settings from Section [AntiAliasingQuality@3] File [E:/Repos/shooter-adventure/ShooterAdventure/Saved/Config/Windows/Scalability.ini]
[2022.04.23-14.37.26:588][  0]LogConfig: Setting CVar [[r.PostProcessAAQuality:4]]
[2022.04.23-14.37.26:588][  0]LogConfig: Applying CVar settings from Section [ShadowQuality@3] File [E:/Repos/shooter-adventure/ShooterAdventure/Saved/Config/Windows/Scalability.ini]
[2022.04.23-14.37.26:588][  0]LogConfig: Setting CVar [[r.LightFunctionQuality:1]]
[2022.04.23-14.37.26:588][  0]LogConfig: Setting CVar [[r.ShadowQuality:5]]
[2022.04.23-14.37.26:588][  0]LogConfig: Setting CVar [[r.Shadow.CSM.MaxCascades:10]]
[2022.04.23-14.37.26:589][  0]LogConfig: Setting CVar [[r.Shadow.MaxResolution:2048]]
[2022.04.23-14.37.26:589][  0]LogConfig: Setting CVar [[r.Shadow.MaxCSMResolution:2048]]
[2022.04.23-14.37.26:589][  0]LogConfig: Setting CVar [[r.Shadow.RadiusThreshold:0.01]]
[2022.04.23-14.37.26:589][  0]LogConfig: Setting CVar [[r.Shadow.DistanceScale:1.0]]
[2022.04.23-14.37.26:589][  0]LogConfig: Setting CVar [[r.Shadow.CSM.TransitionScale:1.0]]
[2022.04.23-14.37.26:589][  0]LogConfig: Setting CVar [[r.Shadow.PreShadowResolutionFactor:1.0]]
[2022.04.23-14.37.26:589][  0]LogConfig: Setting CVar [[r.DistanceFieldShadowing:1]]
[2022.04.23-14.37.26:589][  0]LogConfig: Setting CVar [[r.DistanceFieldAO:1]]
[2022.04.23-14.37.26:589][  0]LogConfig: Setting CVar [[r.AOQuality:2]]
[2022.04.23-14.37.26:589][  0]LogConfig: Setting CVar [[r.VolumetricFog:1]]
[2022.04.23-14.37.26:589][  0]LogConfig: Setting CVar [[r.VolumetricFog.GridPixelSize:8]]
[2022.04.23-14.37.26:589][  0]LogConfig: Setting CVar [[r.VolumetricFog.GridSizeZ:128]]
[2022.04.23-14.37.26:589][  0]LogConfig: Setting CVar [[r.VolumetricFog.HistoryMissSupersampleCount:4]]
[2022.04.23-14.37.26:589][  0]LogConfig: Setting CVar [[r.LightMaxDrawDistanceScale:1]]
[2022.04.23-14.37.26:589][  0]LogConfig: Setting CVar [[r.CapsuleShadows:1]]
[2022.04.23-14.37.26:589][  0]LogConfig: Applying CVar settings from Section [PostProcessQuality@3] File [E:/Repos/shooter-adventure/ShooterAdventure/Saved/Config/Windows/Scalability.ini]
[2022.04.23-14.37.26:589][  0]LogConfig: Setting CVar [[r.MotionBlurQuality:4]]
[2022.04.23-14.37.26:589][  0]LogConfig: Setting CVar [[r.AmbientOcclusionMipLevelFactor:0.4]]
[2022.04.23-14.37.26:589][  0]LogConfig: Setting CVar [[r.AmbientOcclusionMaxQuality:100]]
[2022.04.23-14.37.26:589][  0]LogConfig: Setting CVar [[r.AmbientOcclusionLevels:-1]]
[2022.04.23-14.37.26:589][  0]LogConfig: Setting CVar [[r.AmbientOcclusionRadiusScale:1.0]]
[2022.04.23-14.37.26:589][  0]LogConfig: Setting CVar [[r.DepthOfFieldQuality:2]]
[2022.04.23-14.37.26:589][  0]LogConfig: Setting CVar [[r.RenderTargetPoolMin:400]]
[2022.04.23-14.37.26:589][  0]LogConfig: Setting CVar [[r.LensFlareQuality:2]]
[2022.04.23-14.37.26:589][  0]LogConfig: Setting CVar [[r.SceneColorFringeQuality:1]]
[2022.04.23-14.37.26:589][  0]LogConfig: Setting CVar [[r.EyeAdaptationQuality:2]]
[2022.04.23-14.37.26:589][  0]LogConfig: Setting CVar [[r.BloomQuality:5]]
[2022.04.23-14.37.26:589][  0]LogConfig: Setting CVar [[r.FastBlurThreshold:100]]
[2022.04.23-14.37.26:589][  0]LogConfig: Setting CVar [[r.Upscale.Quality:3]]
[2022.04.23-14.37.26:589][  0]LogConfig: Setting CVar [[r.Tonemapper.GrainQuantization:1]]
[2022.04.23-14.37.26:589][  0]LogConfig: Setting CVar [[r.LightShaftQuality:1]]
[2022.04.23-14.37.26:589][  0]LogConfig: Setting CVar [[r.Filter.SizeScale:1]]
[2022.04.23-14.37.26:589][  0]LogConfig: Setting CVar [[r.Tonemapper.Quality:5]]
[2022.04.23-14.37.26:589][  0]LogConfig: Setting CVar [[r.DOF.Gather.AccumulatorQuality:1        ; higher gathering accumulator quality]]
[2022.04.23-14.37.26:589][  0]LogConfig: Setting CVar [[r.DOF.Gather.PostfilterMethod:1          ; Median3x3 postfilering method]]
[2022.04.23-14.37.26:589][  0]LogConfig: Setting CVar [[r.DOF.Gather.EnableBokehSettings:0       ; no bokeh simulation when gathering]]
[2022.04.23-14.37.26:589][  0]LogConfig: Setting CVar [[r.DOF.Gather.RingCount:4                 ; medium number of samples when gathering]]
[2022.04.23-14.37.26:589][  0]LogConfig: Setting CVar [[r.DOF.Scatter.ForegroundCompositing:1    ; additive foreground scattering]]
[2022.04.23-14.37.26:589][  0]LogConfig: Setting CVar [[r.DOF.Scatter.BackgroundCompositing:2    ; additive background scattering]]
[2022.04.23-14.37.26:589][  0]LogConfig: Setting CVar [[r.DOF.Scatter.EnableBokehSettings:1      ; bokeh simulation when scattering]]
[2022.04.23-14.37.26:589][  0]LogConfig: Setting CVar [[r.DOF.Scatter.MaxSpriteRatio:0.1         ; only a maximum of 10% of scattered bokeh]]
[2022.04.23-14.37.26:589][  0]LogConfig: Setting CVar [[r.DOF.Recombine.Quality:1                ; cheap slight out of focus]]
[2022.04.23-14.37.26:589][  0]LogConfig: Setting CVar [[r.DOF.Recombine.EnableBokehSettings:0    ; no bokeh simulation on slight out of focus]]
[2022.04.23-14.37.26:589][  0]LogConfig: Setting CVar [[r.DOF.TemporalAAQuality:1                ; more stable temporal accumulation]]
[2022.04.23-14.37.26:589][  0]LogConfig: Setting CVar [[r.DOF.Kernel.MaxForegroundRadius:0.025]]
[2022.04.23-14.37.26:589][  0]LogConfig: Setting CVar [[r.DOF.Kernel.MaxBackgroundRadius:0.025]]
[2022.04.23-14.37.26:589][  0]LogConfig: Applying CVar settings from Section [TextureQuality@3] File [E:/Repos/shooter-adventure/ShooterAdventure/Saved/Config/Windows/Scalability.ini]
[2022.04.23-14.37.26:589][  0]LogConfig: Setting CVar [[r.Streaming.MipBias:0]]
[2022.04.23-14.37.26:589][  0]LogConfig: Setting CVar [[r.Streaming.AmortizeCPUToGPUCopy:0]]
[2022.04.23-14.37.26:589][  0]LogConfig: Setting CVar [[r.Streaming.MaxNumTexturesToStreamPerFrame:0]]
[2022.04.23-14.37.26:589][  0]LogConfig: Setting CVar [[r.Streaming.Boost:1]]
[2022.04.23-14.37.26:589][  0]LogConfig: Setting CVar [[r.MaxAnisotropy:8]]
[2022.04.23-14.37.26:589][  0]LogConfig: Setting CVar [[r.VT.MaxAnisotropy:8]]
[2022.04.23-14.37.26:589][  0]LogConfig: Setting CVar [[r.Streaming.LimitPoolSizeToVRAM:0]]
[2022.04.23-14.37.26:589][  0]LogConfig: Setting CVar [[r.Streaming.PoolSize:1000]]
[2022.04.23-14.37.26:589][  0]LogConfig: Setting CVar [[r.Streaming.MaxEffectiveScreenSize:0]]
[2022.04.23-14.37.26:589][  0]LogConfig: Applying CVar settings from Section [EffectsQuality@3] File [E:/Repos/shooter-adventure/ShooterAdventure/Saved/Config/Windows/Scalability.ini]
[2022.04.23-14.37.26:589][  0]LogConfig: Setting CVar [[r.TranslucencyLightingVolumeDim:64]]
[2022.04.23-14.37.26:589][  0]LogConfig: Setting CVar [[r.RefractionQuality:2]]
[2022.04.23-14.37.26:589][  0]LogConfig: Setting CVar [[r.SSR.Quality:3]]
[2022.04.23-14.37.26:589][  0]LogConfig: Setting CVar [[r.SSR.HalfResSceneColor:0]]
[2022.04.23-14.37.26:589][  0]LogConfig: Setting CVar [[r.SceneColorFormat:4]]
[2022.04.23-14.37.26:589][  0]LogConfig: Setting CVar [[r.DetailMode:2]]
[2022.04.23-14.37.26:589][  0]LogConfig: Setting CVar [[r.TranslucencyVolumeBlur:1]]
[2022.04.23-14.37.26:589][  0]LogConfig: Setting CVar [[r.MaterialQualityLevel:1 ; High quality]]
[2022.04.23-14.37.26:589][  0]LogConfig: Setting CVar [[r.SSS.Scale:1]]
[2022.04.23-14.37.26:589][  0]LogConfig: Setting CVar [[r.SSS.SampleSet:2]]
[2022.04.23-14.37.26:589][  0]LogConfig: Setting CVar [[r.SSS.Quality:1]]
[2022.04.23-14.37.26:589][  0]LogConfig: Setting CVar [[r.SSS.HalfRes:0]]
[2022.04.23-14.37.26:589][  0]LogConfig: Setting CVar [[r.SSGI.Quality:3]]
[2022.04.23-14.37.26:589][  0]LogConfig: Setting CVar [[r.EmitterSpawnRateScale:1.0]]
[2022.04.23-14.37.26:589][  0]LogConfig: Setting CVar [[r.ParticleLightQuality:2]]
[2022.04.23-14.37.26:590][  0]LogConfig: Setting CVar [[r.SkyAtmosphere.AerialPerspectiveLUT.FastApplyOnOpaque:1 ; Always have FastSkyLUT 1 in this case to avoid wrong sky]]
[2022.04.23-14.37.26:590][  0]LogConfig: Setting CVar [[r.SkyAtmosphere.AerialPerspectiveLUT.SampleCountPerSlice:1]]
[2022.04.23-14.37.26:590][  0]LogConfig: Setting CVar [[r.SkyAtmosphere.AerialPerspectiveLUT.DepthResolution:16.0]]
[2022.04.23-14.37.26:590][  0]LogConfig: Setting CVar [[r.SkyAtmosphere.FastSkyLUT:1]]
[2022.04.23-14.37.26:590][  0]LogConfig: Setting CVar [[r.SkyAtmosphere.FastSkyLUT.SampleCountMin:4.0]]
[2022.04.23-14.37.26:590][  0]LogConfig: Setting CVar [[r.SkyAtmosphere.FastSkyLUT.SampleCountMax:32.0]]
[2022.04.23-14.37.26:590][  0]LogConfig: Setting CVar [[r.SkyAtmosphere.SampleCountMin:4.0]]
[2022.04.23-14.37.26:590][  0]LogConfig: Setting CVar [[r.SkyAtmosphere.SampleCountMax:32.0]]
[2022.04.23-14.37.26:590][  0]LogConfig: Setting CVar [[r.SkyAtmosphere.TransmittanceLUT.UseSmallFormat:0]]
[2022.04.23-14.37.26:590][  0]LogConfig: Setting CVar [[r.SkyAtmosphere.TransmittanceLUT.SampleCount:10.0]]
[2022.04.23-14.37.26:590][  0]LogConfig: Setting CVar [[r.SkyAtmosphere.MultiScatteringLUT.SampleCount:15.0]]
[2022.04.23-14.37.26:590][  0]LogConfig: Applying CVar settings from Section [FoliageQuality@3] File [E:/Repos/shooter-adventure/ShooterAdventure/Saved/Config/Windows/Scalability.ini]
[2022.04.23-14.37.26:590][  0]LogConfig: Setting CVar [[foliage.DensityScale:1.0]]
[2022.04.23-14.37.26:590][  0]LogConfig: Setting CVar [[grass.DensityScale:1.0]]
[2022.04.23-14.37.26:590][  0]LogConfig: Applying CVar settings from Section [ShadingQuality@3] File [E:/Repos/shooter-adventure/ShooterAdventure/Saved/Config/Windows/Scalability.ini]
[2022.04.23-14.37.26:590][  0]LogConfig: Setting CVar [[r.HairStrands.SkyLighting.SampleCount:16]]
[2022.04.23-14.37.26:590][  0]LogConfig: Setting CVar [[r.HairStrands.SkyLighting.JitterIntegration:0]]
[2022.04.23-14.37.26:590][  0]LogConfig: Setting CVar [[r.HairStrands.SkyAO.SampleCount:16]]
[2022.04.23-14.37.26:590][  0]LogConfig: Setting CVar [[r.HairStrands.DeepShadow.SuperSampling:0]]
[2022.04.23-14.37.26:590][  0]LogConfig: Setting CVar [[r.HairStrands.VisibilityPPLL:0]]
[2022.04.23-14.37.26:590][  0]LogConfig: Setting CVar [[r.HairStrands.RasterizationScale:0.5]]
[2022.04.23-14.37.26:590][  0]LogConfig: Setting CVar [[r.HairStrands.VelocityRasterizationScale:1]]
[2022.04.23-14.37.26:590][  0]LogInit: Selected Device Profile: [Windows]
[2022.04.23-14.37.26:590][  0]LogInit: Applying CVar settings loaded from the selected device profile: [Windows]
[2022.04.23-14.37.26:590][  0]LogHAL: Display: Platform has ~ 8 GB [8386064384 / 8589934592 / 8], which maps to Default [LargestMinGB=32, LargerMinGB=12, DefaultMinGB=8, SmallerMinGB=6, SmallestMinGB=0)
[2022.04.23-14.37.26:590][  0]LogInit: Going up to parent DeviceProfile []
[2022.04.23-14.37.26:590][  0]LogConfig: Applying CVar settings from Section [ViewDistanceQuality@2] File [E:/Repos/shooter-adventure/ShooterAdventure/Saved/Config/Windows/Scalability.ini]
[2022.04.23-14.37.26:590][  0]LogConfig: Setting CVar [[r.SkeletalMeshLODBias:0]]
[2022.04.23-14.37.26:590][  0]LogConfig: Setting CVar [[r.ViewDistanceScale:0.8]]
[2022.04.23-14.37.26:590][  0]LogConfig: Applying CVar settings from Section [AntiAliasingQuality@2] File [E:/Repos/shooter-adventure/ShooterAdventure/Saved/Config/Windows/Scalability.ini]
[2022.04.23-14.37.26:590][  0]LogConfig: Setting CVar [[r.PostProcessAAQuality:3]]
[2022.04.23-14.37.26:590][  0]LogConfig: Applying CVar settings from Section [ShadowQuality@2] File [E:/Repos/shooter-adventure/ShooterAdventure/Saved/Config/Windows/Scalability.ini]
[2022.04.23-14.37.26:590][  0]LogConfig: Setting CVar [[r.LightFunctionQuality:1]]
[2022.04.23-14.37.26:590][  0]LogConfig: Setting CVar [[r.ShadowQuality:5]]
[2022.04.23-14.37.26:590][  0]LogConfig: Setting CVar [[r.Shadow.CSM.MaxCascades:4]]
[2022.04.23-14.37.26:590][  0]LogConfig: Setting CVar [[r.Shadow.MaxResolution:1024]]
[2022.04.23-14.37.26:590][  0]LogConfig: Setting CVar [[r.Shadow.MaxCSMResolution:2048]]
[2022.04.23-14.37.26:590][  0]LogConfig: Setting CVar [[r.Shadow.RadiusThreshold:0.04]]
[2022.04.23-14.37.26:590][  0]LogConfig: Setting CVar [[r.Shadow.DistanceScale:0.85]]
[2022.04.23-14.37.26:590][  0]LogConfig: Setting CVar [[r.Shadow.CSM.TransitionScale:0.8]]
[2022.04.23-14.37.26:590][  0]LogConfig: Setting CVar [[r.Shadow.PreShadowResolutionFactor:0.5]]
[2022.04.23-14.37.26:590][  0]LogConfig: Setting CVar [[r.DistanceFieldShadowing:1]]
[2022.04.23-14.37.26:590][  0]LogConfig: Setting CVar [[r.DistanceFieldAO:1]]
[2022.04.23-14.37.26:590][  0]LogConfig: Setting CVar [[r.AOQuality:1]]
[2022.04.23-14.37.26:590][  0]LogConfig: Setting CVar [[r.VolumetricFog:1]]
[2022.04.23-14.37.26:590][  0]LogConfig: Setting CVar [[r.VolumetricFog.GridPixelSize:16]]
[2022.04.23-14.37.26:590][  0]LogConfig: Setting CVar [[r.VolumetricFog.GridSizeZ:64]]
[2022.04.23-14.37.26:590][  0]LogConfig: Setting CVar [[r.VolumetricFog.HistoryMissSupersampleCount:4]]
[2022.04.23-14.37.26:590][  0]LogConfig: Setting CVar [[r.LightMaxDrawDistanceScale:1]]
[2022.04.23-14.37.26:590][  0]LogConfig: Setting CVar [[r.CapsuleShadows:1]]
[2022.04.23-14.37.26:590][  0]LogConfig: Applying CVar settings from Section [PostProcessQuality@2] File [E:/Repos/shooter-adventure/ShooterAdventure/Saved/Config/Windows/Scalability.ini]
[2022.04.23-14.37.26:590][  0]LogConfig: Setting CVar [[r.MotionBlurQuality:3]]
[2022.04.23-14.37.26:590][  0]LogConfig: Setting CVar [[r.AmbientOcclusionMipLevelFactor:0.6]]
[2022.04.23-14.37.26:590][  0]LogConfig: Setting CVar [[r.AmbientOcclusionMaxQuality:100]]
[2022.04.23-14.37.26:590][  0]LogConfig: Setting CVar [[r.AmbientOcclusionLevels:-1]]
[2022.04.23-14.37.26:590][  0]LogConfig: Setting CVar [[r.AmbientOcclusionRadiusScale:1.5]]
[2022.04.23-14.37.26:590][  0]LogConfig: Setting CVar [[r.DepthOfFieldQuality:2]]
[2022.04.23-14.37.26:590][  0]LogConfig: Setting CVar [[r.RenderTargetPoolMin:400]]
[2022.04.23-14.37.26:590][  0]LogConfig: Setting CVar [[r.LensFlareQuality:2]]
[2022.04.23-14.37.26:590][  0]LogConfig: Setting CVar [[r.SceneColorFringeQuality:1]]
[2022.04.23-14.37.26:590][  0]LogConfig: Setting CVar [[r.EyeAdaptationQuality:2]]
[2022.04.23-14.37.26:590][  0]LogConfig: Setting CVar [[r.BloomQuality:5]]
[2022.04.23-14.37.26:590][  0]LogConfig: Setting CVar [[r.FastBlurThreshold:3]]
[2022.04.23-14.37.26:590][  0]LogConfig: Setting CVar [[r.Upscale.Quality:2]]
[2022.04.23-14.37.26:590][  0]LogConfig: Setting CVar [[r.Tonemapper.GrainQuantization:1]]
[2022.04.23-14.37.26:590][  0]LogConfig: Setting CVar [[r.LightShaftQuality:1]]
[2022.04.23-14.37.26:591][  0]LogConfig: Setting CVar [[r.Filter.SizeScale:0.8]]
[2022.04.23-14.37.26:591][  0]LogConfig: Setting CVar [[r.Tonemapper.Quality:5]]
[2022.04.23-14.37.26:591][  0]LogConfig: Setting CVar [[r.DOF.Gather.AccumulatorQuality:0        ; lower gathering accumulator quality]]
[2022.04.23-14.37.26:591][  0]LogConfig: Setting CVar [[r.DOF.Gather.PostfilterMethod:2          ; Max3x3 postfilering method]]
[2022.04.23-14.37.26:591][  0]LogConfig: Setting CVar [[r.DOF.Gather.EnableBokehSettings:0       ; no bokeh simulation when gathering]]
[2022.04.23-14.37.26:591][  0]LogConfig: Setting CVar [[r.DOF.Gather.RingCount:4                 ; medium number of samples when gathering]]
[2022.04.23-14.37.26:591][  0]LogConfig: Setting CVar [[r.DOF.Scatter.ForegroundCompositing:1    ; additive foreground scattering]]
[2022.04.23-14.37.26:591][  0]LogConfig: Setting CVar [[r.DOF.Scatter.BackgroundCompositing:1    ; no background occlusion]]
[2022.04.23-14.37.26:591][  0]LogConfig: Setting CVar [[r.DOF.Scatter.EnableBokehSettings:0      ; no bokeh simulation when scattering]]
[2022.04.23-14.37.26:591][  0]LogConfig: Setting CVar [[r.DOF.Scatter.MaxSpriteRatio:0.04        ; only a maximum of 4% of scattered bokeh]]
[2022.04.23-14.37.26:591][  0]LogConfig: Setting CVar [[r.DOF.Recombine.Quality:0                ; no slight out of focus]]
[2022.04.23-14.37.26:591][  0]LogConfig: Setting CVar [[r.DOF.TemporalAAQuality:0                ; faster temporal accumulation]]
[2022.04.23-14.37.26:591][  0]LogConfig: Setting CVar [[r.DOF.Kernel.MaxForegroundRadius:0.012   ; required because of AccumulatorQuality=0]]
[2022.04.23-14.37.26:591][  0]LogConfig: Setting CVar [[r.DOF.Kernel.MaxBackgroundRadius:0.012   ; required because of AccumulatorQuality=0]]
[2022.04.23-14.37.26:591][  0]LogConfig: Applying CVar settings from Section [TextureQuality@2] File [E:/Repos/shooter-adventure/ShooterAdventure/Saved/Config/Windows/Scalability.ini]
[2022.04.23-14.37.26:591][  0]LogConfig: Setting CVar [[r.Streaming.MipBias:0]]
[2022.04.23-14.37.26:591][  0]LogConfig: Setting CVar [[r.Streaming.AmortizeCPUToGPUCopy:0]]
[2022.04.23-14.37.26:591][  0]LogConfig: Setting CVar [[r.Streaming.MaxNumTexturesToStreamPerFrame:0]]
[2022.04.23-14.37.26:591][  0]LogConfig: Setting CVar [[r.Streaming.Boost:1]]
[2022.04.23-14.37.26:591][  0]LogConfig: Setting CVar [[r.MaxAnisotropy:4]]
[2022.04.23-14.37.26:591][  0]LogConfig: Setting CVar [[r.VT.MaxAnisotropy:8]]
[2022.04.23-14.37.26:591][  0]LogConfig: Setting CVar [[r.Streaming.LimitPoolSizeToVRAM:1]]
[2022.04.23-14.37.26:591][  0]LogConfig: Setting CVar [[r.Streaming.PoolSize:800]]
[2022.04.23-14.37.26:591][  0]LogConfig: Setting CVar [[r.Streaming.MaxEffectiveScreenSize:0]]
[2022.04.23-14.37.26:591][  0]LogConfig: Applying CVar settings from Section [EffectsQuality@2] File [E:/Repos/shooter-adventure/ShooterAdventure/Saved/Config/Windows/Scalability.ini]
[2022.04.23-14.37.26:591][  0]LogConfig: Setting CVar [[r.TranslucencyLightingVolumeDim:48]]
[2022.04.23-14.37.26:591][  0]LogConfig: Setting CVar [[r.RefractionQuality:2]]
[2022.04.23-14.37.26:591][  0]LogConfig: Setting CVar [[r.SSR.Quality:2]]
[2022.04.23-14.37.26:591][  0]LogConfig: Setting CVar [[r.SSR.HalfResSceneColor:1]]
[2022.04.23-14.37.26:591][  0]LogConfig: Setting CVar [[r.SceneColorFormat:3]]
[2022.04.23-14.37.26:591][  0]LogConfig: Setting CVar [[r.DetailMode:1]]
[2022.04.23-14.37.26:591][  0]LogConfig: Setting CVar [[r.TranslucencyVolumeBlur:1]]
[2022.04.23-14.37.26:591][  0]LogConfig: Setting CVar [[r.MaterialQualityLevel:1 ; High quality]]
[2022.04.23-14.37.26:591][  0]LogConfig: Setting CVar [[r.SSS.Scale:1]]
[2022.04.23-14.37.26:591][  0]LogConfig: Setting CVar [[r.SSS.SampleSet:1]]
[2022.04.23-14.37.26:591][  0]LogConfig: Setting CVar [[r.SSS.Quality:-1]]
[2022.04.23-14.37.26:591][  0]LogConfig: Setting CVar [[r.SSS.HalfRes:1]]
[2022.04.23-14.37.26:591][  0]LogConfig: Setting CVar [[r.SSGI.Quality:2]]
[2022.04.23-14.37.26:591][  0]LogConfig: Setting CVar [[r.EmitterSpawnRateScale:0.5]]
[2022.04.23-14.37.26:591][  0]LogConfig: Setting CVar [[r.ParticleLightQuality:1]]
[2022.04.23-14.37.26:591][  0]LogConfig: Setting CVar [[r.SkyAtmosphere.AerialPerspectiveLUT.FastApplyOnOpaque:1 ; Always have FastSkyLUT 1 in this case to avoid wrong sky]]
[2022.04.23-14.37.26:591][  0]LogConfig: Setting CVar [[r.SkyAtmosphere.AerialPerspectiveLUT.SampleCountPerSlice:1]]
[2022.04.23-14.37.26:591][  0]LogConfig: Setting CVar [[r.SkyAtmosphere.AerialPerspectiveLUT.DepthResolution:16.0]]
[2022.04.23-14.37.26:591][  0]LogConfig: Setting CVar [[r.SkyAtmosphere.FastSkyLUT:1]]
[2022.04.23-14.37.26:591][  0]LogConfig: Setting CVar [[r.SkyAtmosphere.FastSkyLUT.SampleCountMin:4.0]]
[2022.04.23-14.37.26:591][  0]LogConfig: Setting CVar [[r.SkyAtmosphere.FastSkyLUT.SampleCountMax:32.0]]
[2022.04.23-14.37.26:591][  0]LogConfig: Setting CVar [[r.SkyAtmosphere.SampleCountMin:4.0]]
[2022.04.23-14.37.26:591][  0]LogConfig: Setting CVar [[r.SkyAtmosphere.SampleCountMax:32.0]]
[2022.04.23-14.37.26:591][  0]LogConfig: Setting CVar [[r.SkyAtmosphere.TransmittanceLUT.UseSmallFormat:0]]
[2022.04.23-14.37.26:591][  0]LogConfig: Setting CVar [[r.SkyAtmosphere.TransmittanceLUT.SampleCount:10.0]]
[2022.04.23-14.37.26:591][  0]LogConfig: Setting CVar [[r.SkyAtmosphere.MultiScatteringLUT.SampleCount:15.0]]
[2022.04.23-14.37.26:591][  0]LogConfig: Applying CVar settings from Section [FoliageQuality@2] File [E:/Repos/shooter-adventure/ShooterAdventure/Saved/Config/Windows/Scalability.ini]
[2022.04.23-14.37.26:591][  0]LogConfig: Setting CVar [[foliage.DensityScale:0.8]]
[2022.04.23-14.37.26:591][  0]LogConfig: Setting CVar [[grass.DensityScale:0.8]]
[2022.04.23-14.37.26:591][  0]LogConfig: Applying CVar settings from Section [ShadingQuality@2] File [E:/Repos/shooter-adventure/ShooterAdventure/Saved/Config/Windows/Scalability.ini]
[2022.04.23-14.37.26:591][  0]LogConfig: Setting CVar [[r.HairStrands.SkyLighting.SampleCount:16]]
[2022.04.23-14.37.26:591][  0]LogConfig: Setting CVar [[r.HairStrands.SkyLighting.JitterIntegration:0]]
[2022.04.23-14.37.26:591][  0]LogConfig: Setting CVar [[r.HairStrands.SkyAO.SampleCount:16]]
[2022.04.23-14.37.26:591][  0]LogConfig: Setting CVar [[r.HairStrands.DeepShadow.SuperSampling:0]]
[2022.04.23-14.37.26:591][  0]LogConfig: Setting CVar [[r.HairStrands.VisibilityPPLL:0]]
[2022.04.23-14.37.26:591][  0]LogConfig: Setting CVar [[r.HairStrands.RasterizationScale:0.5]]
[2022.04.23-14.37.26:591][  0]LogConfig: Setting CVar [[r.HairStrands.VelocityRasterizationScale:1]]
[2022.04.23-14.37.26:591][  0]LogConfig: Applying CVar settings from Section [Startup] File [../../../Engine/Config/ConsoleVariables.ini]
[2022.04.23-14.37.26:592][  0]LogConfig: Setting CVar [[net.UseAdaptiveNetUpdateFrequency:0]]
[2022.04.23-14.37.26:592][  0]LogConfig: Setting CVar [[p.chaos.AllowCreatePhysxBodies:1]]
[2022.04.23-14.37.26:592][  0]LogConfig: Setting CVar [[fx.SkipVectorVMBackendOptimizations:1]]
[2022.04.23-14.37.26:592][  0]LogConfig: Applying CVar settings from Section [ConsoleVariables] File [E:/Repos/shooter-adventure/ShooterAdventure/Saved/Config/Windows/Engine.ini]
[2022.04.23-14.37.26:592][  0]LogInit: Computer: DESKTOP-B3QG123
[2022.04.23-14.37.26:592][  0]LogInit: User: stanc
[2022.04.23-14.37.26:592][  0]LogInit: CPU Page size=4096, Cores=4
[2022.04.23-14.37.26:592][  0]LogInit: High frequency timer resolution =10.000000 MHz
[2022.04.23-14.37.26:592][  0]LogMemory: Memory total: Physical=7.8GB (8GB approx)
[2022.04.23-14.37.26:592][  0]LogMemory: Platform Memory Stats for Windows
[2022.04.23-14.37.26:592][  0]LogMemory: Process Physical Memory: 120.22 MB used, 120.22 MB peak
[2022.04.23-14.37.26:592][  0]LogMemory: Process Virtual Memory: 99.39 MB used, 99.39 MB peak
[2022.04.23-14.37.26:592][  0]LogMemory: Physical Memory: 6643.22 MB used,  1354.35 MB free, 7997.57 MB total
[2022.04.23-14.37.26:592][  0]LogMemory: Virtual Memory: 5137.00 MB used,  134212592.00 MB free, 134217728.00 MB total
[2022.04.23-14.37.26:604][  0]LogWindows: WindowsPlatformFeatures enabled
[2022.04.23-14.37.26:715][  0]LogInit: Physics initialised using underlying interface: PhysX
[2022.04.23-14.37.26:717][  0]LogInit: Using OS detected language (en-US).
[2022.04.23-14.37.26:717][  0]LogInit: Using OS detected locale (en-US).
[2022.04.23-14.37.26:719][  0]LogTextLocalizationManager: No specific localization for 'en-US' exists, so the 'en' localization will be used.
[2022.04.23-14.37.27:042][  0]LogInit: Setting process to per monitor DPI aware
[2022.04.23-14.37.27:115][  0]LogSlate: New Slate User Created.  User Index 0, Is Virtual User: 0
[2022.04.23-14.37.27:115][  0]LogSlate: Slate User Registered.  User Index 0, Is Virtual User: 0
[2022.04.23-14.37.27:454][  0]LogHMD: Failed to initialize OpenVR with code 110
[2022.04.23-14.37.27:454][  0]LogD3D11RHI: D3D11 min allowed feature level: 11_0
[2022.04.23-14.37.27:454][  0]LogD3D11RHI: D3D11 max allowed feature level: 11_0
[2022.04.23-14.37.27:454][  0]LogD3D11RHI: D3D11 adapters:
[2022.04.23-14.37.27:618][  0]LogD3D11RHI:    0. 'NVIDIA GeForce GTX 1650' (Feature Level 11_0)
[2022.04.23-14.37.27:618][  0]LogD3D11RHI:       3962/0/3998 MB DedicatedVideo/DedicatedSystem/SharedSystem, Outputs:1, VendorId:0x10de
[2022.04.23-14.37.27:685][  0]LogD3D11RHI:    1. 'AMD Radeon(TM) Vega 8 Graphics' (Feature Level 11_0)
[2022.04.23-14.37.27:685][  0]LogD3D11RHI:       113/0/3998 MB DedicatedVideo/DedicatedSystem/SharedSystem, Outputs:0, VendorId:0x1002
[2022.04.23-14.37.27:690][  0]LogD3D11RHI:    2. 'Microsoft Basic Render Driver' (Feature Level 11_0)
[2022.04.23-14.37.27:690][  0]LogD3D11RHI:       0/0/3998 MB DedicatedVideo/DedicatedSystem/SharedSystem, Outputs:0, VendorId:0x1414
[2022.04.23-14.37.27:690][  0]LogD3D11RHI: Chosen D3D11 Adapter: 0
[2022.04.23-14.37.27:704][  0]LogD3D11RHI: Creating new Direct3DDevice
[2022.04.23-14.37.27:704][  0]LogD3D11RHI:     GPU DeviceId: 0x1f91 (for the marketing name, search the web for "GPU Device Id")
[2022.04.23-14.37.27:704][  0]LogWindows: EnumDisplayDevices:
[2022.04.23-14.37.27:704][  0]LogWindows:    0. 'AMD Radeon(TM) Vega 8 Graphics' (P:1 D:1)
[2022.04.23-14.37.27:705][  0]LogWindows:    1. 'AMD Radeon(TM) Vega 8 Graphics' (P:0 D:0)
[2022.04.23-14.37.27:705][  0]LogWindows:    2. 'NVIDIA GeForce GTX 1650' (P:0 D:0)
[2022.04.23-14.37.27:705][  0]LogWindows: DebugString: PrimaryIsNotTheChoosenAdapter PrimaryIsNotTheChoosenAdapter 
[2022.04.23-14.37.27:705][  0]LogD3D11RHI:     Adapter Name: NVIDIA GeForce GTX 1650
[2022.04.23-14.37.27:705][  0]LogD3D11RHI:   Driver Version: 497.09 (internal:30.0.14.9709, unified:497.09)
[2022.04.23-14.37.27:706][  0]LogD3D11RHI:      Driver Date: 11-26-2021
[2022.04.23-14.37.27:706][  0]LogRHI: Texture pool is 2773 MB (70% of 3962 MB)
[2022.04.23-14.37.27:802][  0]LogD3D11RHI: RHI has support for 64 bit atomics
[2022.04.23-14.37.27:802][  0]LogD3D11RHI: Async texture creation enabled
[2022.04.23-14.37.27:802][  0]LogD3D11RHI: Array index from any shader is supported
[2022.04.23-14.37.27:832][  0]LogD3D11RHI: GPU Timing Frequency: 1000.000000 (Debug: 2 1)
[2022.04.23-14.37.28:424][  0]LogTargetPlatformManager: Display: Loaded TargetPlatform 'AllDesktop'
[2022.04.23-14.37.28:459][  0]LogTargetPlatformManager: Display: Loaded TargetPlatform 'Android'
[2022.04.23-14.37.28:459][  0]LogTargetPlatformManager: Display: Loaded TargetPlatform 'Android_ASTC'
[2022.04.23-14.37.28:459][  0]LogTargetPlatformManager: Display: Loaded TargetPlatform 'Android_DXT'
[2022.04.23-14.37.28:459][  0]LogTargetPlatformManager: Display: Loaded TargetPlatform 'Android_ETC2'
[2022.04.23-14.37.28:459][  0]LogTargetPlatformManager: Display: Loaded TargetPlatform 'AndroidClient'
[2022.04.23-14.37.28:459][  0]LogTargetPlatformManager: Display: Loaded TargetPlatform 'Android_ASTCClient'
[2022.04.23-14.37.28:459][  0]LogTargetPlatformManager: Display: Loaded TargetPlatform 'Android_DXTClient'
[2022.04.23-14.37.28:459][  0]LogTargetPlatformManager: Display: Loaded TargetPlatform 'Android_ETC2Client'
[2022.04.23-14.37.28:459][  0]LogTargetPlatformManager: Display: Loaded TargetPlatform 'Android_Multi'
[2022.04.23-14.37.28:459][  0]LogTargetPlatformManager: Display: Loaded TargetPlatform 'Android_MultiClient'
[2022.04.23-14.37.28:503][  0]LogTargetPlatformManager: Display: Loaded TargetPlatform 'IOSClient'
[2022.04.23-14.37.28:503][  0]LogTargetPlatformManager: Display: Loaded TargetPlatform 'IOS'
[2022.04.23-14.37.28:519][  0]LogTargetPlatformManager: Display: Loaded TargetPlatform 'Linux'
[2022.04.23-14.37.28:535][  0]LogTargetPlatformManager: Display: Loaded TargetPlatform 'LinuxNoEditor'
[2022.04.23-14.37.28:549][  0]LogTargetPlatformManager: Display: Loaded TargetPlatform 'LinuxClient'
[2022.04.23-14.37.28:567][  0]LogTargetPlatformManager: Display: Loaded TargetPlatform 'LinuxServer'
[2022.04.23-14.37.28:583][  0]LogTargetPlatformManager: Display: Loaded TargetPlatform 'LinuxAArch64NoEditor'
[2022.04.23-14.37.28:600][  0]LogTargetPlatformManager: Display: Loaded TargetPlatform 'LinuxAArch64Client'
[2022.04.23-14.37.28:615][  0]LogTargetPlatformManager: Display: Loaded TargetPlatform 'LinuxAArch64Server'
[2022.04.23-14.37.28:654][  0]LogTargetPlatformManager: Display: Loaded TargetPlatform 'Lumin'
[2022.04.23-14.37.28:654][  0]LogTargetPlatformManager: Display: Loaded TargetPlatform 'LuminClient'
[2022.04.23-14.37.28:676][  0]LogTargetPlatformManager: Display: Loaded TargetPlatform 'TVOSClient'
[2022.04.23-14.37.28:676][  0]LogTargetPlatformManager: Display: Loaded TargetPlatform 'TVOS'
[2022.04.23-14.37.28:692][  0]LogTargetPlatformManager: Display: Loaded TargetPlatform 'WindowsNoEditor'
[2022.04.23-14.37.28:705][  0]LogTargetPlatformManager: Display: Loaded TargetPlatform 'Windows'
[2022.04.23-14.37.28:718][  0]LogTargetPlatformManager: Display: Loaded TargetPlatform 'WindowsClient'
[2022.04.23-14.37.28:733][  0]LogTargetPlatformManager: Display: Loaded TargetPlatform 'WindowsServer'
[2022.04.23-14.37.28:733][  0]LogTargetPlatformManager: Display: Building Assets For Windows
[2022.04.23-14.37.28:749][  0]LogAudioDebug: Display: Lib vorbis DLL was dynamically loaded.
[2022.04.23-14.37.28:882][  0]LogShaderCompilers: Guid format shader working directory is -13 characters bigger than the processId version (../../../../../../Repos/shooter-adventure/ShooterAdventure/Intermediate/Shaders/WorkingDirectory/21980/).
[2022.04.23-14.37.28:883][  0]LogShaderCompilers: Cleaned the shader compiler working directory 'C:/Users/stanc/AppData/Local/Temp/UnrealShaderWorkingDir/919E59B146D02C779B98A9B06D346699/'.
[2022.04.23-14.37.28:883][  0]LogXGEController: Cannot use XGE Controller as Incredibuild is not installed on this machine.
[2022.04.23-14.37.28:883][  0]LogShaderCompilers: Cannot use XGE Shader Compiler as Incredibuild is not installed on this machine.
[2022.04.23-14.37.28:883][  0]LogShaderCompilers: Display: Using Local Shader Compiler.
[2022.04.23-14.37.29:888][  0]LogDerivedDataCache: Display: Max Cache Size: 512 MB
[2022.04.23-14.37.29:968][  0]LogDerivedDataCache: Loaded boot cache 0.08s 75MB C:/Users/stanc/AppData/Local/UnrealEngine/4.25/DerivedDataCache/Boot.ddc.
[2022.04.23-14.37.29:968][  0]LogDerivedDataCache: Display: Loaded Boot cache: C:/Users/stanc/AppData/Local/UnrealEngine/4.25/DerivedDataCache/Boot.ddc
[2022.04.23-14.37.29:969][  0]LogDerivedDataCache: FDerivedDataBackendGraph:  Pak pak cache file ../../../../../../Repos/shooter-adventure/ShooterAdventure/DerivedDataCache/DDC.ddp not found, will not use a pak cache.
[2022.04.23-14.37.29:969][  0]LogDerivedDataCache: Unable to find inner node Pak for hierarchical cache Hierarchy.
[2022.04.23-14.37.29:969][  0]LogDerivedDataCache: FDerivedDataBackendGraph:  CompressedPak pak cache file ../../../../../../Repos/shooter-adventure/ShooterAdventure/DerivedDataCache/Compressed.ddp not found, will not use a pak cache.
[2022.04.23-14.37.29:969][  0]LogDerivedDataCache: Unable to find inner node CompressedPak for hierarchical cache Hierarchy.
[2022.04.23-14.37.29:984][  0]LogDerivedDataCache: Display: Pak cache opened for reading ../../../Engine/DerivedDataCache/Compressed.ddp.
[2022.04.23-14.37.29:985][  0]LogDerivedDataCache: FDerivedDataBackendGraph:  EnterprisePak pak cache file ../../../Enterprise/DerivedDataCache/Compressed.ddp not found, will not use a pak cache.
[2022.04.23-14.37.29:985][  0]LogDerivedDataCache: Unable to find inner node EnterprisePak for hierarchical cache Hierarchy.
[2022.04.23-14.37.29:988][  0]LogDerivedDataCache: Using Local data cache path C:/Users/stanc/AppData/Local/UnrealEngine/Common/DerivedDataCache: Writable
[2022.04.23-14.37.29:988][  0]LogDerivedDataCache: Shared data cache path not found in *engine.ini, will not use an Shared cache.
[2022.04.23-14.37.29:988][  0]LogDerivedDataCache: Unable to find inner node Shared for hierarchical cache Hierarchy.
[2022.04.23-14.37.30:066][  0]LogSlate: Using FreeType 2.10.0
[2022.04.23-14.37.30:067][  0]LogSlate: SlateFontServices - WITH_FREETYPE: 1, WITH_HARFBUZZ: 1
[2022.04.23-14.37.30:109][  0]LogAssetRegistry: FAssetRegistry took 0.0042 seconds to start up
[2022.04.23-14.37.30:501][  0]LogInit: Selected Device Profile: [Windows]
[2022.04.23-14.37.30:674][  0]LogMeshReduction: Using QuadricMeshReduction for automatic static mesh reduction
[2022.04.23-14.37.30:674][  0]LogMeshReduction: Using SimplygonMeshReduction for automatic skeletal mesh reduction
[2022.04.23-14.37.30:674][  0]LogMeshReduction: Using ProxyLODMeshReduction for automatic mesh merging
[2022.04.23-14.37.30:674][  0]LogMeshReduction: No distributed automatic mesh merging module available
[2022.04.23-14.37.30:674][  0]LogMeshMerging: No distributed automatic mesh merging module available
[2022.04.23-14.37.30:702][  0]LogNetVersion: ShooterAdventure 1.0.0, NetCL: 13144385, EngineNetVer: 14, GameNetVer: 0 (Checksum: 3076941727)
[2022.04.23-14.37.31:516][  0]LogAISub: UAISubsystem::UAISubsystem AISubsystem (0000022808148280), frame # 0
[2022.04.23-14.37.31:516][  0]LogAISub: UAISubsystem::UAISubsystem AIPerceptionSystem (00000228080AC7C0), frame # 0
[2022.04.23-14.37.31:519][  0]LogAISub: UAISubsystem::UAISubsystem EnvQueryManager (00000228080E1E00), frame # 0
[2022.04.23-14.37.31:676][  0]LogPackageLocalizationCache: Processed 21 localized package path(s) for 1 prioritized culture(s) in 0.146531 seconds
[2022.04.23-14.37.31:686][  0]LogUObjectArray: 15917 objects as part of root set at end of initial load.
[2022.04.23-14.37.31:686][  0]LogUObjectAllocator: 3965568 out of 0 bytes used by permanent object pool.
[2022.04.23-14.37.31:686][  0]LogUObjectArray: CloseDisregardForGC: 0/0 objects in disregard for GC pool
[2022.04.23-14.37.32:134][  0]LogPython: Using Python 2.7.14
[2022.04.23-14.37.33:256][  0]LogTcpMessaging: Initializing TcpMessaging bridge
[2022.04.23-14.37.33:264][  0]LogUdpMessaging: Initializing bridge on interface 0.0.0.0:0 to multicast group 230.0.0.1:6666.
[2022.04.23-14.37.33:361][  0]LogLinker: Warning: Failed to load '/Game/SciFi_Robot/ThirdPersonBP/ThirdPersonOverview': Can't find file.
[2022.04.23-14.37.33:362][  0]LogLinker: Warning: Failed to load '/Game/SciFi_Robot/ThirdPersonBP/ThirdPersonOverview': Can't find file.
[2022.04.23-14.37.33:362][  0]LogUObjectGlobals: Warning: Failed to find object 'Class /Game/SciFi_Robot/ThirdPersonBP/ThirdPersonOverview.ThirdPersonOverview_C'
[2022.04.23-14.37.33:438][  0]SourceControl: Source control is disabled
[2022.04.23-14.37.33:438][  0]SourceControl: Source control is disabled
[2022.04.23-14.37.33:445][  0]SourceControl: Source control is disabled
[2022.04.23-14.37.33:452][  0]SourceControl: Source control is disabled
[2022.04.23-14.37.33:464][  0]SourceControl: Source control is disabled
[2022.04.23-14.37.34:023][  0]LogAndroidPermission: UAndroidPermissionCallbackProxy::GetInstance
[2022.04.23-14.37.34:074][  0]LogAudioCaptureCore: Display: No Audio Capture implementations found. Audio input will be silent.
[2022.04.23-14.37.34:074][  0]LogAudioCaptureCore: Display: No Audio Capture implementations found. Audio input will be silent.
[2022.04.23-14.37.34:195][  0]LogOcInput: OculusInput pre-init called
[2022.04.23-14.37.34:213][  0]LogWindows: Failed to load 'OVRPlugin.dll' (GetLastError=126)
[2022.04.23-14.37.34:213][  0]LogWindows: File 'OVRPlugin.dll' does not exist
[2022.04.23-14.37.34:783][  0]LogEngine: Initializing Engine...
[2022.04.23-14.37.34:785][  0]LogHMD: Failed to initialize OpenVR with code 110
[2022.04.23-14.37.34:785][  0]LogMagicLeap: Warning: VR disabled because ZI is not enabled.  To enable, in the editor, Edit -> Project Settings -> Plugins -> Magic Leap Plugin -> Enable Zero Iteration
[2022.04.23-14.37.34:786][  0]LogStats: UGameplayTagsManager::InitializeManager -  0.000 s
[2022.04.23-14.37.34:998][  0]LogInit: Initializing FReadOnlyCVARCache
[2022.04.23-14.37.35:029][  0]LogAIModule: Creating AISystem for world Untitled
[2022.04.23-14.37.35:029][  0]LogAISub: UAISubsystem::UAISubsystem EnvQueryManager (0000022819AAA200), frame # 0
[2022.04.23-14.37.35:029][  0]LogAISub: UAISubsystem::UAISubsystem AIPerceptionSystem (0000022819ADA200), frame # 0
[2022.04.23-14.37.35:039][  0]LogAudioMixer: Display: Audio Mixer Platform Settings:
[2022.04.23-14.37.35:039][  0]LogAudioMixer: Display: 	Sample Rate:						  48000
[2022.04.23-14.37.35:039][  0]LogAudioMixer: Display: 	Callback Buffer Frame Size Requested: 1024
[2022.04.23-14.37.35:039][  0]LogAudioMixer: Display: 	Callback Buffer Frame Size To Use:	  1024
[2022.04.23-14.37.35:040][  0]LogAudioMixer: Display: 	Number of buffers to queue:			  2
[2022.04.23-14.37.35:040][  0]LogAudioMixer: Display: 	Max Channels (voices):				  32
[2022.04.23-14.37.35:040][  0]LogAudioMixer: Display: 	Number of Async Source Workers:		  0
[2022.04.23-14.37.35:040][  0]LogAudio: Display: AudioDevice MaxSources: 32
[2022.04.23-14.37.35:040][  0]LogAudio: Display: Using built-in audio occlusion.
[2022.04.23-14.37.35:040][  0]LogAudioMixer: Display: Initializing audio mixer.
[2022.04.23-14.37.35:063][  0]LogAudioMixer: Display: 0: FrontLeft
[2022.04.23-14.37.35:064][  0]LogAudioMixer: Display: 1: FrontRight
[2022.04.23-14.37.35:114][  0]LogAudioMixer: Display: Using Audio Device Headphones (CT12)
[2022.04.23-14.37.35:118][  0]LogAudioMixer: Display: Initializing Sound Submixes...
[2022.04.23-14.37.35:123][  0]LogAudioMixer: Display: Creating Master Submix 'MasterSubmixDefault'
[2022.04.23-14.37.35:123][  0]LogAudioMixer: Display: Creating Master Submix 'MasterReverbSubmixDefault'
[2022.04.23-14.37.35:124][  0]LogAudioMixer: Display: Creating Master Submix 'MasterEQSubmixDefault'
[2022.04.23-14.37.35:125][  0]LogInit: FAudioDevice initialized.
[2022.04.23-14.37.35:126][  0]LogNetVersion: Set ProjectVersion to 1.0.0.0. Version Checksum will be recalculated on next use.
[2022.04.23-14.37.35:225][  0]LogDerivedDataCache: Saved boot cache 0.10s 75MB C:/Users/stanc/AppData/Local/UnrealEngine/4.25/DerivedDataCache/Boot.ddc.
[2022.04.23-14.37.35:227][  0]LogInit: Texture streaming: Enabled
[2022.04.23-14.37.35:298][  0]LogEngineSessionManager: EngineSessionManager initialized
[2022.04.23-14.37.35:298][  0]LogEditorSessionSummary: Verbose: Initializing EditorSessionSummaryWriter for editor session tracking
[2022.04.23-14.37.35:336][  0]LogEditorSessionSummary: EditorSessionSummaryWriter initialized
[2022.04.23-14.37.35:438][  0]LogInit: Transaction tracking system initialized
[2022.04.23-14.37.35:505][  0]BlueprintLog: New page: Editor Load
[2022.04.23-14.37.35:694][  0]LocalizationService: Localization service is disabled
[2022.04.23-14.37.35:991][  0]LogCook: Display: Max memory allowance for cook 16384mb min free memory 0mb
[2022.04.23-14.37.35:992][  0]LogCook: Display: Mobile HDR setting 1
[2022.04.23-14.37.36:296][  0]LogFileCache: Scanning file cache for directory 'E:/Repos/shooter-adventure/ShooterAdventure/Content/' took 0.00s
[2022.04.23-14.37.36:610][  0]SourceControl: Source control is disabled
[2022.04.23-14.37.36:610][  0]LogUnrealEdMisc: Loading editor; pre map load, took 13.038
[2022.04.23-14.37.36:610][  0]Cmd: MAP LOAD FILE="../../../Engine/Content/Maps/Templates/Template_Default.umap" TEMPLATE=1 SHOWPROGRESS=1 FEATURELEVEL=3
[2022.04.23-14.37.36:611][  0]LightingResults: New page: Lighting Build
[2022.04.23-14.37.36:613][  0]LogWorld: UWorld::CleanupWorld for Untitled, bSessionEnded=true, bCleanupResources=true
[2022.04.23-14.37.36:613][  0]LogSlate: InvalidateAllWidgets triggered.  All widgets were invalidated
[2022.04.23-14.37.36:613][  0]MapCheck: New page: Map Check
[2022.04.23-14.37.36:613][  0]LightingResults: New page: Lighting Build
[2022.04.23-14.37.36:624][  0]LogAISub: UAISubsystem::~UAISubsystem EnvQueryManager (0000022819AAA200), frame # 0
[2022.04.23-14.37.36:624][  0]LogAISub: UAISubsystem::~UAISubsystem AIPerceptionSystem (0000022819ADA200), frame # 0
[2022.04.23-14.37.36:625][  0]LogUObjectHash: Compacting FUObjectHashTables data took   1.07ms
[2022.04.23-14.37.36:721][  0]LogAIModule: Creating AISystem for world Untitled_1
[2022.04.23-14.37.36:721][  0]LogAISub: UAISubsystem::UAISubsystem EnvQueryManager (0000022820ABFE00), frame # 0
[2022.04.23-14.37.36:721][  0]LogAISub: UAISubsystem::UAISubsystem AIPerceptionSystem (00000228193E1A80), frame # 0
[2022.04.23-14.37.36:727][  0]LogEditorServer: Finished looking for orphan Actors (0.000 secs)
[2022.04.23-14.37.36:743][  0]LogUObjectHash: Compacting FUObjectHashTables data took   1.55ms
[2022.04.23-14.37.36:743][  0]Cmd: MAP CHECKDEP NOCLEARLOG
[2022.04.23-14.37.36:744][  0]MapCheck: Map check complete: 0 Error(s), 0 Warning(s), took 0.24ms to complete.
[2022.04.23-14.37.36:744][  0]LogFileHelpers: Loading map 'Template_Default' took 0.134
[2022.04.23-14.37.36:748][  0]LogUnrealEdMisc: Total Editor Startup Time, took 13.176
[2022.04.23-14.37.36:969][  0]LogSlate: Updating window title bar state: overlay mode, drag disabled, window buttons hidden, title bar hidden
[2022.04.23-14.37.36:980][  0]LogSlate: Updating window title bar state: overlay mode, drag disabled, window buttons hidden, title bar hidden
[2022.04.23-14.37.36:989][  0]LogSlate: Updating window title bar state: overlay mode, drag disabled, window buttons hidden, title bar hidden
[2022.04.23-14.37.37:000][  0]LogSlate: Updating window title bar state: overlay mode, drag disabled, window buttons hidden, title bar hidden
[2022.04.23-14.37.37:025][  0]LogCollectionManager: Loaded 0 collections in 0.001380 seconds
[2022.04.23-14.37.37:073][  0]LogFileCache: Scanning file cache for directory 'E:/Repos/shooter-adventure/ShooterAdventure/Saved/Collections/' took 0.00s
[2022.04.23-14.37.37:073][  0]LogFileCache: Scanning file cache for directory 'E:/Repos/shooter-adventure/ShooterAdventure/Content/Developers/stanc/Collections/' took 0.00s
[2022.04.23-14.37.37:073][  0]LogFileCache: Scanning file cache for directory 'E:/Repos/shooter-adventure/ShooterAdventure/Content/Collections/' took 0.00s
[2022.04.23-14.37.37:073][  0]LogContentBrowser: Native class hierarchy populated in 0.0153 seconds. Added 3446 classes and 828 folders.
[2022.04.23-14.37.37:085][  0]LogContentBrowser: Native class hierarchy updated for 'WidgetCarousel' in 0.0003 seconds. Added 0 classes and 0 folders.
[2022.04.23-14.37.37:252][  0]LogContentBrowser: Native class hierarchy updated for 'AddContentDialog' in 0.0004 seconds. Added 0 classes and 0 folders.
[2022.04.23-14.37.37:268][  0]LogContentBrowser: Native class hierarchy updated for 'SceneOutliner' in 0.0004 seconds. Added 2 classes and 0 folders.
[2022.04.23-14.37.37:540][  0]LogSlate: Took 0.001060 seconds to synchronously load lazily loaded font '../../../Engine/Content/Slate/Fonts/Roboto-Regular.ttf' (155K)
[2022.04.23-14.37.37:546][  0]LogSlate: Took 0.001796 seconds to synchronously load lazily loaded font '../../../Engine/Content/Slate/Fonts/Roboto-Bold.ttf' (160K)
[2022.04.23-14.37.37:559][  0]LogSlate: Took 0.001611 seconds to synchronously load lazily loaded font '../../../Engine/Content/Editor/Slate/Fonts/FontAwesome.ttf' (139K)
[2022.04.23-14.37.37:676][  0]LogRenderer: Reallocating scene render targets to support 1092x348 Format 9 NumSamples 1 (Frame:1).
[2022.04.23-14.37.37:961][  0]LogContentBrowser: Native class hierarchy updated for 'HierarchicalLODOutliner' in 0.0004 seconds. Added 0 classes and 0 folders.
[2022.04.23-14.37.37:962][  0]LogLoad: (Engine Initialization) Total time: 14.39 seconds
[2022.04.23-14.37.37:962][  0]LogLoad: (Engine Initialization) Total Blueprint compile time: 0.00 seconds
[2022.04.23-14.37.38:030][  0]LogAssetRegistry: Asset discovery search completed in 7.9233 seconds
[2022.04.23-14.37.38:036][  0]LogCollectionManager: Fixed up redirectors for 0 collections in 0.000004 seconds (updated 0 objects)
[2022.04.23-14.37.38:036][  0]LogContentStreaming: Texture pool size now 800 MB
[2022.04.23-14.37.38:093][  0]LogSlate: Took 0.001073 seconds to synchronously load lazily loaded font '../../../Engine/Content/Slate/Fonts/Roboto-Light.ttf' (167K)
[2022.04.23-14.39.29:600][347]LogAudioMixer: Display: Audio Buffer Underrun detected.
[2022.04.23-14.40.10:238][468]LogAudioMixer: Display: Audio Buffer Underrun detected.
[2022.04.23-14.40.28:319][661]LogAudioMixer: Display: Audio Buffer Underrun detected.
[2022.04.23-14.40.30:621][694]LogSlate: Window 'Save Level As' being destroyed
[2022.04.23-14.40.30:630][694]LogPlayLevel: Warning: PIE failed because map save was canceled
[2022.04.23-14.40.30:630][694]PIE: Warning: PIE failed because map save was canceled
[2022.04.23-14.40.30:731][694]LogSlate: Took 0.002569 seconds to synchronously load lazily loaded font '../../../Engine/Content/Slate/Fonts/DroidSansMono.ttf' (77K)
[2022.04.23-14.40.31:957][766]LogSlate: Window 'Message Log' being destroyed
[2022.04.23-14.40.31:961][766]LogSlate: Window 'Message Log' being destroyed
[2022.04.23-14.40.32:665][804]LogTemp: Repeating last play command: Selected Viewport
[2022.04.23-14.40.32:692][804]LogPlayLevel: PlayLevel: No blueprints needed recompiling
[2022.04.23-14.40.32:698][804]PIE: New page: PIE session: Untitled_1 (Apr 23, 2022, 8:40:32 PM)
[2022.04.23-14.40.32:703][804]LogOnline: OSS: Creating online subsystem instance for: NULL
[2022.04.23-14.40.32:705][804]LogOnline: OSS: TryLoadSubsystemAndSetDefault: Loaded subsystem for module [NULL]
[2022.04.23-14.40.32:707][804]LogPlayLevel: Creating play world package: /Temp/UEDPIE_0_Untitled_1
[2022.04.23-14.40.32:712][804]LogPlayLevel: PIE: StaticDuplicateObject took: (0.004916s)
[2022.04.23-14.40.32:715][804]LogAIModule: Creating AISystem for world Untitled_1
[2022.04.23-14.40.32:715][804]LogAISub: UAISubsystem::UAISubsystem EnvQueryManager (000002282C85EE00), frame # 5804
[2022.04.23-14.40.32:715][804]LogAISub: UAISubsystem::UAISubsystem AIPerceptionSystem (00000228110CDF80), frame # 5804
[2022.04.23-14.40.32:716][804]LogPlayLevel: PIE: World Init took: (0.004434s)
[2022.04.23-14.40.32:717][804]LogPlayLevel: PIE: Created PIE world by copying editor world from /Temp/Untitled_1.Untitled_1 to /Temp/UEDPIE_0_Untitled_1.Untitled_1 (0.009962s)
[2022.04.23-14.40.32:727][804]LogUObjectHash: Compacting FUObjectHashTables data took   0.78ms
[2022.04.23-14.40.32:732][804]LogAudioMixer: Display: Audio Mixer Platform Settings:
[2022.04.23-14.40.32:732][804]LogAudioMixer: Display: 	Sample Rate:						  48000
[2022.04.23-14.40.32:732][804]LogAudioMixer: Display: 	Callback Buffer Frame Size Requested: 1024
[2022.04.23-14.40.32:732][804]LogAudioMixer: Display: 	Callback Buffer Frame Size To Use:	  1024
[2022.04.23-14.40.32:732][804]LogAudioMixer: Display: 	Number of buffers to queue:			  2
[2022.04.23-14.40.32:732][804]LogAudioMixer: Display: 	Max Channels (voices):				  32
[2022.04.23-14.40.32:732][804]LogAudioMixer: Display: 	Number of Async Source Workers:		  0
[2022.04.23-14.40.32:732][804]LogAudio: Display: AudioDevice MaxSources: 32
[2022.04.23-14.40.32:733][804]LogAudio: Display: Using built-in audio occlusion.
[2022.04.23-14.40.32:733][804]LogAudioMixer: Display: Initializing audio mixer.
[2022.04.23-14.40.32:737][804]LogAudioMixer: Display: 0: FrontLeft
[2022.04.23-14.40.32:737][804]LogAudioMixer: Display: 1: FrontRight
[2022.04.23-14.40.32:758][804]LogAudioMixer: Display: Using Audio Device Headphones (CT12)
[2022.04.23-14.40.32:758][804]LogAudioMixer: Display: Initializing Sound Submixes...
[2022.04.23-14.40.32:758][804]LogAudioMixer: Display: Creating Master Submix 'MasterSubmixDefault'
[2022.04.23-14.40.32:758][804]LogAudioMixer: Display: Creating Master Submix 'MasterReverbSubmixDefault'
[2022.04.23-14.40.32:759][804]LogAudioMixer: Display: Creating Master Submix 'MasterEQSubmixDefault'
[2022.04.23-14.40.32:780][804]LogInit: FAudioDevice initialized.
[2022.04.23-14.40.32:799][804]LogLoad: Game class is 'GameModeBase'
[2022.04.23-14.40.32:808][804]LogWorld: Bringing World /Temp/UEDPIE_0_Untitled_1.Untitled_1 up for play (max tick rate 60) at 2022.04.23-17.40.32
[2022.04.23-14.40.32:809][804]LogWorld: Bringing up level for play took: 0.002252
[2022.04.23-14.40.32:810][804]LogOnline: OSS: Creating online subsystem instance for: :Context_1
[2022.04.23-14.40.32:837][804]LogContentBrowser: Native class hierarchy updated for 'MovieSceneCapture' in 0.0006 seconds. Added 20 classes and 0 folders.
[2022.04.23-14.40.32:857][804]PIE: Server logged in
[2022.04.23-14.40.32:860][804]PIE: Play in editor total start time 0.181 seconds.
[2022.04.23-14.40.34:580][892]LogSlate: Updating window title bar state: overlay mode, drag disabled, window buttons hidden, title bar hidden
[2022.04.23-14.40.34:581][892]LogWorld: BeginTearingDown for /Temp/UEDPIE_0_Untitled_1
[2022.04.23-14.40.34:583][892]LogWorld: UWorld::CleanupWorld for Untitled_1, bSessionEnded=true, bCleanupResources=true
[2022.04.23-14.40.34:584][892]LogSlate: InvalidateAllWidgets triggered.  All widgets were invalidated
[2022.04.23-14.40.34:602][892]LogPlayLevel: Display: Shutting down PIE online subsystems
[2022.04.23-14.40.34:604][892]LogSlate: InvalidateAllWidgets triggered.  All widgets were invalidated
[2022.04.23-14.40.34:642][892]LogSlate: Updating window title bar state: overlay mode, drag disabled, window buttons hidden, title bar hidden
[2022.04.23-14.40.34:645][892]LogAISub: UAISubsystem::~UAISubsystem AIPerceptionSystem (00000228110CDF80), frame # 5892
[2022.04.23-14.40.34:645][892]LogAISub: UAISubsystem::~UAISubsystem EnvQueryManager (000002282C85EE00), frame # 5892
[2022.04.23-14.40.34:649][892]LogUObjectHash: Compacting FUObjectHashTables data took   0.81ms
[2022.04.23-14.40.34:674][893]LogPlayLevel: Display: Destroying online subsystem :Context_1
[2022.04.23-14.41.36:733][724]LogEditorViewport: Clicking on Actor (context menu): BP_Sky_Sphere_C (Sky Sphere)
[2022.04.23-14.41.36:886][724]LogEditorViewport: Clicking on Component (context menu): StaticMeshComponent (SkySphereMesh)
[2022.04.23-14.43.07:476][398]LogAudioMixer: Display: Audio Buffer Underrun detected.
[2022.04.23-14.43.47:724][518]LogAudioMixer: Display: Audio Buffer Underrun detected.
[2022.04.23-14.44.54:911][718]LogAudioMixer: Display: Audio Buffer Underrun detected.
[2022.04.23-14.45.03:285][743]LogAudioMixer: Display: Audio Buffer Underrun detected.
[2022.04.23-14.46.12:295][ 61]LogSlate: Window 'Save Level As' being destroyed
[2022.04.23-14.46.12:320][ 61]LogSlate: Took 0.001146 seconds to synchronously load lazily loaded font '../../../Engine/Content/Slate/Fonts/Roboto-Light.ttf' (167K)
[2022.04.23-14.46.12:365][ 61]Cmd: OBJ SAVEPACKAGE PACKAGE="/Game/Maps/DefaultMap" FILE="../../../../../../Repos/shooter-adventure/ShooterAdventure/Content/Maps/DefaultMap.umap" SILENT=true AUTOSAVING=false KEEPDIRTY=false
[2022.04.23-14.46.12:383][ 61]LogUObjectHash: Compacting FUObjectHashTables data took   0.99ms
[2022.04.23-14.46.12:418][ 61]LogSavePackage: Moving '../../../../../../Repos/shooter-adventure/ShooterAdventure/Saved/DefaultMapBD5B21AE4BEBE3B8C0A948B2B649C745.tmp' to '../../../../../../Repos/shooter-adventure/ShooterAdventure/Content/Maps/DefaultMap.umap'
[2022.04.23-14.46.12:454][ 61]Cmd: OBJ SAVEPACKAGE PACKAGE="/Game/Maps/DefaultMap_BuiltData" FILE="../../../../../../Repos/shooter-adventure/ShooterAdventure/Content/Maps/DefaultMap_BuiltData.uasset" SILENT=true
[2022.04.23-14.46.12:478][ 61]LogSavePackage: Moving '../../../../../../Repos/shooter-adventure/ShooterAdventure/Saved/DefaultMap_BuiltData2FD39D1549AAFEFABD25B297C57F483B.tmp' to '../../../../../../Repos/shooter-adventure/ShooterAdventure/Content/Maps/DefaultMap_BuiltData.uasset'
[2022.04.23-14.46.12:494][ 61]LogFileHelpers: Saving map 'DefaultMap' took 0.190
[2022.04.23-14.46.12:504][ 61]AssetCheck: New page: Asset Save: multiple assets
[2022.04.23-14.46.12:504][ 61]LogContentValidation: Display: Validating World /Game/Maps/DefaultMap.DefaultMap
[2022.04.23-14.46.12:504][ 61]LogContentValidation: Display: Validating MapBuildDataRegistry /Game/Maps/DefaultMap_BuiltData.DefaultMap_BuiltData
[2022.04.23-14.46.31:557][ 35]LogAudioMixer: Display: Audio Buffer Underrun detected.
[2022.04.23-14.47.42:492][609]LogSlate: Window 'Project Settings' being destroyed
[2022.04.23-14.47.42:511][609]LogSlate: Window 'Project Settings' being destroyed
[2022.04.23-14.47.50:053][951]Cmd: OBJ SAVEPACKAGE PACKAGE="/Game/Maps/DefaultMap" FILE="../../../../../../Repos/shooter-adventure/ShooterAdventure/Content/Maps/DefaultMap.umap" SILENT=true AUTOSAVING=false KEEPDIRTY=false
[2022.04.23-14.47.50:088][951]LogUObjectHash: Compacting FUObjectHashTables data took   1.33ms
[2022.04.23-14.47.50:137][951]LogSavePackage: Moving '../../../../../../Repos/shooter-adventure/ShooterAdventure/Saved/DefaultMap96795C134FB79EDF2CD75FA0C0652FDE.tmp' to '../../../../../../Repos/shooter-adventure/ShooterAdventure/Content/Maps/DefaultMap.umap'
[2022.04.23-14.47.50:173][951]Cmd: OBJ SAVEPACKAGE PACKAGE="/Game/Maps/DefaultMap_BuiltData" FILE="../../../../../../Repos/shooter-adventure/ShooterAdventure/Content/Maps/DefaultMap_BuiltData.uasset" SILENT=true
[2022.04.23-14.47.50:207][951]LogSavePackage: Moving '../../../../../../Repos/shooter-adventure/ShooterAdventure/Saved/DefaultMap_BuiltData43B8EFB7443B132E5F7B0CA0C84A871C.tmp' to '../../../../../../Repos/shooter-adventure/ShooterAdventure/Content/Maps/DefaultMap_BuiltData.uasset'
[2022.04.23-14.47.50:222][951]AssetCheck: New page: Asset Save: multiple assets
[2022.04.23-14.47.50:222][951]LogContentValidation: Display: Validating World /Game/Maps/DefaultMap.DefaultMap
[2022.04.23-14.47.50:222][951]LogContentValidation: Display: Validating MapBuildDataRegistry /Game/Maps/DefaultMap_BuiltData.DefaultMap_BuiltData
[2022.04.23-14.52.14:304][173]LogSlate: Window 'Pick Parent Class' being destroyed
[2022.04.23-14.52.35:646][393]LogSlate: Window 'Pick Parent Class' being destroyed
[2022.04.23-14.53.12:185][450]LogSlate: Prevented a slow task dialog from being summoned while a context menu was open
[2022.04.23-14.53.19:646][858]LogSlate: Window 'Project Settings' being destroyed
[2022.04.23-14.53.19:657][858]LogSlate: Window 'Project Settings' being destroyed
[2022.04.23-14.55.49:760][712]LogSlate: Window 'Pick Parent Class' being destroyed
[2022.04.23-14.56.12:688][ 26]LogUObjectHash: Compacting FUObjectHashTables data took   1.04ms
[2022.04.23-14.56.12:693][ 26]LogMetaData: Removing '/Game/GameModes/BP_DefaultGameMode.BP_DefaultGameMode:UserConstructionScript.K2Node_FunctionEntry_0' ref from Metadata '/Game/GameModes/DefaultGameMode.PackageMetaData'
[2022.04.23-14.56.12:693][ 26]LogMetaData: Removing '/Game/GameModes/BP_DefaultGameMode.SKEL_BP_DefaultGameMode_C' ref from Metadata '/Game/GameModes/DefaultGameMode.PackageMetaData'
[2022.04.23-14.56.12:694][ 26]LogMetaData: Removing '/Game/GameModes/BP_DefaultGameMode.BP_DefaultGameMode_C' ref from Metadata '/Game/GameModes/DefaultGameMode.PackageMetaData'
[2022.04.23-14.56.12:694][ 26]LogMetaData: Removing '/Game/GameModes/BP_DefaultGameMode.BP_DefaultGameMode:EventGraph.K2Node_Event_0' ref from Metadata '/Game/GameModes/DefaultGameMode.PackageMetaData'
[2022.04.23-14.56.12:694][ 26]LogMetaData: Removing '/Game/GameModes/BP_DefaultGameMode.BP_DefaultGameMode:EventGraph.K2Node_Event_1' ref from Metadata '/Game/GameModes/DefaultGameMode.PackageMetaData'
[2022.04.23-14.56.12:737][ 26]Cmd: OBJ SAVEPACKAGE PACKAGE="/Game/GameModes/BP_DefaultGameMode" FILE="../../../../../../Repos/shooter-adventure/ShooterAdventure/Content/GameModes/BP_DefaultGameMode.uasset" SILENT=true
[2022.04.23-14.56.12:762][ 26]LogSavePackage: Moving '../../../../../../Repos/shooter-adventure/ShooterAdventure/Saved/BP_DefaultGameMode202146854B03D66D14092DA8C09900F2.tmp' to '../../../../../../Repos/shooter-adventure/ShooterAdventure/Content/GameModes/BP_DefaultGameMode.uasset'
[2022.04.23-14.56.12:917][ 26]LogUObjectHash: Compacting FUObjectHashTables data took   1.55ms
[2022.04.23-14.56.12:942][ 26]LogUObjectHash: Compacting FUObjectHashTables data took   2.53ms
[2022.04.23-14.56.12:956][ 26]LogUObjectHash: Compacting FUObjectHashTables data took   0.53ms
[2022.04.23-14.56.13:010][ 26]AssetCheck: New page: Asset Save: BP_DefaultGameMode
[2022.04.23-14.56.13:011][ 26]LogContentValidation: Display: Validating Blueprint /Game/GameModes/BP_DefaultGameMode.BP_DefaultGameMode
[2022.04.23-14.56.26:307][768]Cmd: OBJ SAVEPACKAGE PACKAGE="/Game/Maps/MAP_DefaultMap_BuiltData" FILE="../../../../../../Repos/shooter-adventure/ShooterAdventure/Content/Maps/MAP_DefaultMap_BuiltData.uasset" SILENT=true
[2022.04.23-14.56.26:334][768]LogSavePackage: Moving '../../../../../../Repos/shooter-adventure/ShooterAdventure/Saved/MAP_DefaultMap_BuiltDataB141DE5240D5BD800171D1AAD79041D3.tmp' to '../../../../../../Repos/shooter-adventure/ShooterAdventure/Content/Maps/MAP_DefaultMap_BuiltData.uasset'
[2022.04.23-14.56.26:339][768]Cmd: OBJ SAVEPACKAGE PACKAGE="/Game/Maps/MAP_DefaultMap" FILE="../../../../../../Repos/shooter-adventure/ShooterAdventure/Content/Maps/MAP_DefaultMap.umap" SILENT=true AUTOSAVING=false KEEPDIRTY=false
[2022.04.23-14.56.26:352][768]LogUObjectHash: Compacting FUObjectHashTables data took   1.02ms
[2022.04.23-14.56.26:375][768]LogSavePackage: Moving '../../../../../../Repos/shooter-adventure/ShooterAdventure/Saved/MAP_DefaultMap07278DFA45AC1021517DBB9A89DC5536.tmp' to '../../../../../../Repos/shooter-adventure/ShooterAdventure/Content/Maps/MAP_DefaultMap.umap'
[2022.04.23-14.56.26:408][768]LogFileHelpers: Saving map 'MAP_DefaultMap' took 0.069
[2022.04.23-14.56.26:549][768]LogUObjectGlobals: Warning: Failed to find object 'Object /Game/Maps/DefaultMap_BuiltData.DefaultMap_BuiltData'
[2022.04.23-14.56.26:552][768]LogUObjectGlobals: Warning: Failed to find object 'Object /Game/Maps/DefaultMap.DefaultMap'
[2022.04.23-14.56.26:599][768]LogUObjectHash: Compacting FUObjectHashTables data took   0.55ms
[2022.04.23-14.56.26:612][768]LogUObjectHash: Compacting FUObjectHashTables data took   0.31ms
[2022.04.23-14.56.26:633][768]LogUObjectHash: Compacting FUObjectHashTables data took   1.20ms
[2022.04.23-14.56.26:646][768]LogUObjectHash: Compacting FUObjectHashTables data took   0.36ms
[2022.04.23-14.56.26:687][768]AssetCheck: New page: Asset Save: multiple assets
[2022.04.23-14.56.26:687][768]LogContentValidation: Display: Validating MapBuildDataRegistry /Game/Maps/MAP_DefaultMap_BuiltData.MAP_DefaultMap_BuiltData
[2022.04.23-14.56.26:687][768]LogContentValidation: Display: Validating World /Game/Maps/MAP_DefaultMap.MAP_DefaultMap
[2022.04.23-14.57.06:651][963]LogSlate: Window 'Project Settings' being destroyed
[2022.04.23-14.57.06:663][963]LogSlate: Window 'Project Settings' being destroyed
[2022.04.23-14.57.11:975][246]LogSlate: Took 0.002671 seconds to synchronously load lazily loaded font '../../../Engine/Content/Slate/Fonts/Roboto-Italic.ttf' (157K)
[2022.04.23-14.57.17:152][523]LogSlate: Prevented a slow task dialog from being summoned while a context menu was open
[2022.04.23-14.57.57:826][839]Cmd: OBJ SAVEPACKAGE PACKAGE="/Game/Maps/MAP_DefaultMap" FILE="../../../../../../Repos/shooter-adventure/ShooterAdventure/Content/Maps/MAP_DefaultMap.umap" SILENT=true AUTOSAVING=false KEEPDIRTY=false
[2022.04.23-14.57.57:840][839]LogUObjectHash: Compacting FUObjectHashTables data took   0.91ms
[2022.04.23-14.57.57:875][839]LogSavePackage: Moving '../../../../../../Repos/shooter-adventure/ShooterAdventure/Saved/MAP_DefaultMap622F66744AFCF06DC96B3BB66CDD839C.tmp' to '../../../../../../Repos/shooter-adventure/ShooterAdventure/Content/Maps/MAP_DefaultMap.umap'
[2022.04.23-14.57.57:917][839]Cmd: OBJ SAVEPACKAGE PACKAGE="/Game/Maps/MAP_DefaultMap_BuiltData" FILE="../../../../../../Repos/shooter-adventure/ShooterAdventure/Content/Maps/MAP_DefaultMap_BuiltData.uasset" SILENT=true
[2022.04.23-14.57.57:950][839]LogSavePackage: Moving '../../../../../../Repos/shooter-adventure/ShooterAdventure/Saved/MAP_DefaultMap_BuiltDataC67F5FD64D103DB7F1A66EACE5AC05B6.tmp' to '../../../../../../Repos/shooter-adventure/ShooterAdventure/Content/Maps/MAP_DefaultMap_BuiltData.uasset'
[2022.04.23-14.57.57:964][839]AssetCheck: New page: Asset Save: multiple assets
[2022.04.23-14.57.57:964][839]LogContentValidation: Display: Validating World /Game/Maps/MAP_DefaultMap.MAP_DefaultMap
[2022.04.23-14.57.57:964][839]LogContentValidation: Display: Validating MapBuildDataRegistry /Game/Maps/MAP_DefaultMap_BuiltData.MAP_DefaultMap_BuiltData
[2022.04.23-15.06.33:446][703]LogSlate: Window 'Project Settings' being destroyed
[2022.04.23-15.06.33:462][703]LogSlate: Window 'Project Settings' being destroyed
[2022.04.23-15.06.35:186][779]Cmd: OBJ SAVEPACKAGE PACKAGE="/Game/Maps/MAP_DefaultMap" FILE="../../../../../../Repos/shooter-adventure/ShooterAdventure/Content/Maps/MAP_DefaultMap.umap" SILENT=true AUTOSAVING=false KEEPDIRTY=false
[2022.04.23-15.06.35:206][779]LogUObjectHash: Compacting FUObjectHashTables data took   0.92ms
[2022.04.23-15.06.35:240][779]LogSavePackage: Moving '../../../../../../Repos/shooter-adventure/ShooterAdventure/Saved/MAP_DefaultMapC8EF649042D4D695C8B5F2BF36096558.tmp' to '../../../../../../Repos/shooter-adventure/ShooterAdventure/Content/Maps/MAP_DefaultMap.umap'
[2022.04.23-15.06.35:278][779]Cmd: OBJ SAVEPACKAGE PACKAGE="/Game/Maps/MAP_DefaultMap_BuiltData" FILE="../../../../../../Repos/shooter-adventure/ShooterAdventure/Content/Maps/MAP_DefaultMap_BuiltData.uasset" SILENT=true
[2022.04.23-15.06.35:314][779]LogSavePackage: Moving '../../../../../../Repos/shooter-adventure/ShooterAdventure/Saved/MAP_DefaultMap_BuiltDataFAE7D442443BB2067F31839538686969.tmp' to '../../../../../../Repos/shooter-adventure/ShooterAdventure/Content/Maps/MAP_DefaultMap_BuiltData.uasset'
[2022.04.23-15.06.35:340][779]AssetCheck: New page: Asset Save: multiple assets
[2022.04.23-15.06.35:340][779]LogContentValidation: Display: Validating World /Game/Maps/MAP_DefaultMap.MAP_DefaultMap
[2022.04.23-15.06.35:340][779]LogContentValidation: Display: Validating MapBuildDataRegistry /Game/Maps/MAP_DefaultMap_BuiltData.MAP_DefaultMap_BuiltData
[2022.04.23-15.06.37:190][870]Cmd: OBJ SAVEPACKAGE PACKAGE="/Game/Maps/MAP_DefaultMap" FILE="../../../../../../Repos/shooter-adventure/ShooterAdventure/Content/Maps/MAP_DefaultMap.umap" SILENT=true AUTOSAVING=false KEEPDIRTY=false
[2022.04.23-15.06.37:214][870]LogUObjectHash: Compacting FUObjectHashTables data took   0.53ms
[2022.04.23-15.06.37:241][870]LogSavePackage: Moving '../../../../../../Repos/shooter-adventure/ShooterAdventure/Saved/MAP_DefaultMap61655E134D8A55EF6F99E5BF00D90209.tmp' to '../../../../../../Repos/shooter-adventure/ShooterAdventure/Content/Maps/MAP_DefaultMap.umap'
[2022.04.23-15.06.37:278][870]Cmd: OBJ SAVEPACKAGE PACKAGE="/Game/Maps/MAP_DefaultMap_BuiltData" FILE="../../../../../../Repos/shooter-adventure/ShooterAdventure/Content/Maps/MAP_DefaultMap_BuiltData.uasset" SILENT=true
[2022.04.23-15.06.37:303][870]LogSavePackage: Moving '../../../../../../Repos/shooter-adventure/ShooterAdventure/Saved/MAP_DefaultMap_BuiltData58129D7345900C23ADF9AEB7738237F9.tmp' to '../../../../../../Repos/shooter-adventure/ShooterAdventure/Content/Maps/MAP_DefaultMap_BuiltData.uasset'
[2022.04.23-15.06.37:342][870]AssetCheck: New page: Asset Save: multiple assets
[2022.04.23-15.06.37:342][870]LogContentValidation: Display: Validating World /Game/Maps/MAP_DefaultMap.MAP_DefaultMap
[2022.04.23-15.06.37:342][870]LogContentValidation: Display: Validating MapBuildDataRegistry /Game/Maps/MAP_DefaultMap_BuiltData.MAP_DefaultMap_BuiltData
